SF:/tmp/opencode/dripbird-f4/src/config.ts
FN:26,filterRefactors
FN:60,readYamlFile
FN:75,isStringArray
FN:83,isSharedDirName
FN:87,mergeConfig
FN:148,loadConfig
FNDA:42,filterRefactors
FNDA:84,readYamlFile
FNDA:60,isStringArray
FNDA:6,isSharedDirName
FNDA:42,mergeConfig
FNDA:42,loadConfig
FNF:6
FNH:6
BRDA:32,1,0,8
BRDA:32,1,1,34
BRDA:36,1,0,4
BRDA:36,1,1,38
BRDA:65,4,0,31
BRDA:65,4,1,31
BRDA:66,4,0,30
BRDA:66,4,1,54
BRDA:68,4,0,2
BRDA:68,4,1,82
BRDA:70,4,0,52
BRDA:70,4,1,32
BRDA:76,5,0,8
BRDA:76,5,1,52
BRDA:92,8,0,84
BRDA:93,8,0,54
BRDA:93,8,1,30
BRDA:94,8,0,6
BRDA:94,8,1,78
BRDA:96,8,0,30
BRDA:96,8,1,54
BRDA:97,8,0,2
BRDA:97,8,1,82
BRDA:99,8,0,30
BRDA:99,8,1,54
BRDA:100,8,0,1
BRDA:100,8,1,83
BRDA:102,8,0,30
BRDA:102,8,1,54
BRDA:103,8,0,1
BRDA:103,8,1,83
BRDA:106,8,0,30
BRDA:106,8,1,54
BRDA:107,8,0,1
BRDA:107,8,1,83
BRDA:110,8,0,30
BRDA:110,8,1,54
BRDA:111,8,0,1
BRDA:111,8,1,83
BRDA:114,8,0,30
BRDA:114,8,1,54
BRDA:116,8,0,6
BRDA:116,8,1,78
BRDA:118,8,0,1
BRDA:118,8,1,83
BRDA:121,8,0,30
BRDA:121,8,1,54
BRDA:122,8,0,2
BRDA:122,8,1,82
BRDA:125,8,0,30
BRDA:125,8,1,54
BRDA:126,8,0,2
BRDA:126,8,1,82
BRDA:128,8,0,30
BRDA:128,8,1,54
BRDA:129,8,0,3
BRDA:129,8,1,81
BRDA:131,8,0,30
BRDA:131,8,1,54
BRDA:132,8,0,2
BRDA:132,8,1,82
BRDA:134,8,0,30
BRDA:134,8,1,54
BRDA:135,8,0,5
BRDA:135,8,1,79
BRDA:137,8,0,30
BRDA:137,8,1,54
BRDA:138,8,0,2
BRDA:138,8,1,82
BRDA:140,8,0,30
BRDA:140,8,1,54
BRDA:141,8,0,4
BRDA:141,8,1,80
BRF:73
BRH:73
DA:1,2
DA:26,2
DA:27,2
DA:28,2
DA:30,42
DA:31,42
DA:32,42
DA:33,8
DA:34,8
DA:35,8
DA:36,42
DA:37,4
DA:38,4
DA:39,4
DA:40,42
DA:41,42
DA:43,2
DA:44,2
DA:45,2
DA:46,2
DA:47,2
DA:48,2
DA:49,2
DA:50,2
DA:51,2
DA:52,2
DA:53,2
DA:54,2
DA:55,2
DA:56,2
DA:57,2
DA:58,2
DA:60,84
DA:61,84
DA:62,84
DA:63,84
DA:64,84
DA:65,84
DA:66,84
DA:67,30
DA:68,30
DA:69,2
DA:70,84
DA:71,52
DA:72,52
DA:73,84
DA:75,60
DA:76,60
DA:77,60
DA:83,2
DA:84,6
DA:85,6
DA:87,42
DA:88,42
DA:89,42
DA:91,42
DA:92,42
DA:93,84
DA:94,84
DA:95,6
DA:96,6
DA:97,84
DA:98,2
DA:99,2
DA:100,84
DA:101,1
DA:102,1
DA:103,84
DA:104,1
DA:105,1
DA:106,1
DA:107,84
DA:108,1
DA:109,1
DA:110,1
DA:111,84
DA:112,1
DA:113,1
DA:114,1
DA:115,84
DA:116,84
DA:117,84
DA:118,84
DA:119,1
DA:120,1
DA:121,1
DA:122,84
DA:123,2
DA:124,2
DA:125,2
DA:126,84
DA:127,2
DA:128,2
DA:129,84
DA:130,3
DA:131,3
DA:132,84
DA:133,2
DA:134,2
DA:135,84
DA:136,5
DA:137,5
DA:138,84
DA:139,2
DA:140,2
DA:141,84
DA:142,4
DA:143,4
DA:144,84
DA:145,42
DA:146,42
DA:148,2
DA:149,42
DA:150,42
DA:151,42
DA:152,42
LH:116
LF:116
end_of_record
SF:/tmp/opencode/dripbird-f4/src/diff.ts
FN:19,parseDiff
FN:48,groupByFile
FNDA:31,parseDiff
FNDA:22,groupByFile
FNF:2
FNH:2
BRDA:24,1,0,153
BRDA:26,1,0,32
BRDA:26,1,1,121
BRDA:29,1,0,121
BRDA:29,1,1,32
BRDA:34,1,0,35
BRDA:34,1,1,33
BRDA:38,1,0,31
BRDA:38,1,1,2
BRDA:40,1,0,31
BRDA:40,1,1,2
BRDA:50,2,0,30
BRDA:51,2,0,29
BRDA:51,2,1,2
BRDA:51,2,2,28
BRDA:53,2,0,27
BRDA:53,2,1,3
BRDA:56,2,0,28
BRDA:56,2,1,2
BRF:19
BRH:19
DA:19,2
DA:20,31
DA:21,31
DA:22,31
DA:24,31
DA:25,153
DA:26,153
DA:27,32
DA:28,32
DA:29,32
DA:31,121
DA:32,121
DA:34,153
DA:35,33
DA:36,33
DA:37,33
DA:38,33
DA:39,33
DA:40,33
DA:41,33
DA:42,33
DA:43,153
DA:45,31
DA:46,31
DA:48,2
DA:49,22
DA:50,22
DA:51,30
DA:52,28
DA:53,30
DA:54,27
DA:55,27
DA:56,27
DA:57,28
DA:58,28
DA:59,28
DA:60,28
DA:61,28
DA:62,22
DA:63,27
DA:64,27
DA:65,22
DA:66,22
LH:43
LF:43
end_of_record
SF:/tmp/opencode/dripbird-f4/src/engine.ts
FN:90,runRefactors
FNDA:27,runRefactors
FNF:1
FNH:1
BRDA:101,1,0,41
BRDA:106,1,0,16
BRDA:106,1,1,25
BRF:3
BRH:3
DA:90,2
DA:91,2
DA:92,2
DA:93,2
DA:94,2
DA:96,27
DA:97,27
DA:98,27
DA:99,27
DA:101,27
DA:102,41
DA:103,41
DA:104,41
DA:105,41
DA:106,41
DA:107,16
DA:108,16
DA:109,16
DA:110,16
DA:111,41
DA:113,27
DA:114,27
DA:115,27
DA:116,27
DA:117,27
DA:118,27
DA:119,27
LH:27
LF:27
end_of_record
SF:/tmp/opencode/dripbird-f4/src/formatter.ts
FN:32,formattableExt
FN:51,denoCommandRunner
FN:76,createOutputFormatter
FN:80,fmtExit
FN:94,isClean
FN:98,format
FNDA:36,formattableExt
FNDA:20,denoCommandRunner
FNDA:31,createOutputFormatter
FNDA:25,fmtExit
FNDA:19,isClean
FNDA:8,format
FNF:6
FNH:6
BRDA:34,1,0,2
BRDA:34,1,1,34
BRDA:36,1,0,29
BRDA:36,1,1,5
BRDA:87,4,0,23
BRDA:87,4,1,2
BRDA:89,4,0,2
BRDA:89,4,1,23
BRDA:95,5,0,1
BRDA:95,5,1,18
BRDA:99,6,0,1
BRDA:99,6,1,7
BRF:12
BRH:12
DA:25,2
DA:32,2
DA:33,36
DA:34,36
DA:35,34
DA:36,36
DA:37,36
DA:51,2
DA:52,20
DA:53,20
DA:54,2
DA:76,2
DA:77,2
DA:78,2
DA:80,31
DA:81,25
DA:82,25
DA:83,25
DA:84,25
DA:85,25
DA:86,25
DA:87,25
DA:88,23
DA:89,25
DA:90,2
DA:91,2
DA:92,31
DA:93,31
DA:94,31
DA:95,19
DA:96,18
DA:97,31
DA:98,31
DA:99,8
DA:100,7
DA:101,8
DA:102,31
DA:103,31
LH:38
LF:38
end_of_record
SF:/tmp/opencode/dripbird-f4/src/llm.ts
FN:148,<instance_members_initializer>
FN:151,setFile
FN:155,add
FN:159,get totalDurationMs
FN:163,get totalPromptTokens
FN:167,get totalCompletionTokens
FN:171,get callCount
FN:175,byFile
FN:261,<instance_members_initializer>
FN:267,MoonshotClient
FN:281,nameFunction
FN:371,callWithTool
FN:489,verifyFunctionMatch
FN:538,generateCallReplacement
FN:589,reviewChange
FN:657,buildExtractionReviewMessages
FN:690,verifyDuplicateMatch
FN:759,generateExtraction
FN:859,verifyCrossFileDuplicateMatch
FN:926,generateCrossFileExtraction
FN:1017,reviewCrossFileChange
FN:1079,createLLMClient
FNDA:38,<instance_members_initializer>
FNDA:31,setFile
FNDA:32,add
FNDA:18,get totalDurationMs
FNDA:23,get totalPromptTokens
FNDA:23,get totalCompletionTokens
FNDA:28,get callCount
FNDA:18,byFile
FNDA:68,<instance_members_initializer>
FNDA:68,MoonshotClient
FNDA:24,nameFunction
FNDA:44,callWithTool
FNDA:14,verifyFunctionMatch
FNDA:4,generateCallReplacement
FNDA:5,reviewChange
FNDA:1,buildExtractionReviewMessages
FNDA:6,verifyDuplicateMatch
FNDA:8,generateExtraction
FNDA:3,verifyCrossFileDuplicateMatch
FNDA:3,generateCrossFileExtraction
FNDA:1,reviewCrossFileChange
FNDA:25,createLLMClient
FNF:22
FNH:22
BRDA:193,11,0,16
BRDA:193,11,1,2
BRDA:194,11,0,3
BRDA:194,11,1,13
BRDA:195,11,0,11
BRDA:195,11,1,5
BRDA:276,13,0,2
BRDA:276,13,1,66
BRDA:277,13,0,42
BRDA:277,13,1,26
BRDA:278,13,0,54
BRDA:278,13,1,14
BRDA:286,15,0,7
BRDA:286,15,1,7
BRDA:287,15,0,17
BRDA:287,15,1,7
BRDA:303,15,0,15
BRDA:303,15,1,9
BRDA:331,15,0,3
BRDA:331,15,1,21
BRDA:332,15,0,2
BRDA:332,15,1,1
BRDA:342,15,0,21
BRDA:342,15,1,3
BRDA:344,15,0,18
BRDA:344,15,1,6
BRDA:345,15,0,3
BRDA:345,15,1,21
BRDA:346,15,0,2
BRDA:346,15,1,1
BRDA:354,15,0,18
BRDA:354,15,1,6
BRDA:356,15,0,11
BRDA:356,15,1,13
BRDA:357,15,0,9
BRDA:357,15,1,2
BRDA:358,15,0,9
BRDA:358,15,1,2
BRDA:360,15,0,9
BRDA:360,15,1,2
BRDA:361,15,0,9
BRDA:361,15,1,2
BRDA:366,15,0,18
BRDA:366,15,1,6
BRDA:377,16,0,13
BRDA:377,16,1,31
BRDA:384,16,0,48
BRDA:406,16,0,2
BRDA:406,16,1,46
BRDA:408,16,0,1
BRDA:408,16,1,1
BRDA:418,16,0,46
BRDA:418,16,1,2
BRDA:421,16,0,44
BRDA:421,16,1,2
BRDA:423,16,0,1
BRDA:423,16,1,1
BRDA:433,16,0,44
BRDA:433,16,1,4
BRDA:436,16,0,38
BRDA:436,16,1,10
BRDA:443,16,0,11
BRDA:443,16,1,37
BRDA:444,16,0,9
BRDA:444,16,1,2
BRDA:445,16,0,9
BRDA:445,16,1,2
BRDA:456,16,0,39
BRDA:456,16,1,9
BRDA:459,16,0,5
BRDA:459,16,1,43
BRDA:461,16,0,4
BRDA:461,16,1,1
BRDA:473,16,0,1
BRDA:473,16,1,4
BRDA:494,17,0,1
BRDA:494,17,1,13
BRDA:495,17,0,13
BRDA:495,17,1,1
BRDA:534,17,0,9
BRDA:534,17,1,5
BRDA:545,18,0,1
BRDA:545,18,1,3
BRDA:546,18,0,3
BRDA:546,18,1,1
BRDA:548,18,0,1
BRDA:548,18,1,3
BRDA:549,18,0,3
BRDA:549,18,1,1
BRDA:595,19,0,1
BRDA:595,19,1,4
BRDA:599,19,0,4
BRDA:599,19,1,1
BRDA:694,22,0,1
BRDA:694,22,1,5
BRDA:695,22,0,5
BRDA:695,22,1,1
BRDA:754,22,0,1
BRDA:754,22,1,5
BRDA:766,24,0,1
BRDA:766,24,1,7
BRDA:767,24,0,7
BRDA:767,24,1,1
BRDA:769,24,0,1
BRDA:769,24,1,7
BRDA:770,24,0,7
BRDA:770,24,1,1
BRDA:777,24,0,2
BRDA:777,24,1,6
BRDA:778,24,0,6
BRDA:778,24,1,2
BRDA:781,24,0,1
BRDA:781,24,1,7
BRDA:782,24,0,1
BRDA:782,24,1,7
BRDA:789,24,0,7
BRDA:789,24,1,1
BRDA:792,24,0,1
BRDA:792,24,1,7
BRDA:793,24,0,7
BRDA:793,24,1,1
BRDA:828,24,0,1
BRDA:828,24,1,7
BRDA:829,24,0,7
BRDA:829,24,1,1
BRDA:921,26,0,1
BRDA:921,26,1,2
BRDA:932,28,0,1
BRDA:932,28,1,2
BRDA:933,28,0,2
BRDA:933,28,1,1
BRDA:935,28,0,2
BRDA:935,28,1,1
BRDA:938,28,0,1
BRDA:938,28,1,1
BRDA:938,28,2,1
BRDA:947,28,0,1
BRDA:947,28,1,2
BRDA:950,28,0,2
BRDA:950,28,1,1
BRDA:1083,32,0,23
BRDA:1083,32,1,14
BRDA:1084,32,0,13
BRDA:1084,32,1,12
BRDA:1088,32,0,11
BRDA:1088,32,1,2
BRDA:1089,32,0,11
BRDA:1089,32,1,14
BRDA:1090,32,0,11
BRDA:1090,32,1,14
BRF:150
BRH:150
DA:147,2
DA:148,2
DA:149,2
DA:151,2
DA:152,31
DA:153,31
DA:155,2
DA:156,32
DA:157,32
DA:159,2
DA:160,18
DA:161,18
DA:163,2
DA:164,23
DA:165,23
DA:167,2
DA:168,23
DA:169,23
DA:171,2
DA:172,28
DA:173,28
DA:175,2
DA:183,2
DA:184,18
DA:193,18
DA:194,16
DA:195,16
DA:196,11
DA:197,11
DA:198,11
DA:199,11
DA:200,16
DA:201,16
DA:202,16
DA:203,16
DA:204,16
DA:205,16
DA:206,16
DA:207,18
DA:208,18
DA:209,2
DA:260,2
DA:261,2
DA:262,68
DA:263,68
DA:264,68
DA:265,2
DA:267,2
DA:268,2
DA:269,2
DA:270,2
DA:271,2
DA:272,2
DA:273,2
DA:274,68
DA:275,68
DA:276,68
DA:277,68
DA:278,68
DA:279,68
DA:281,2
DA:282,2
DA:283,2
DA:284,2
DA:285,2
DA:286,24
DA:287,24
DA:288,24
DA:289,24
DA:290,24
DA:291,24
DA:292,24
DA:293,24
DA:294,24
DA:295,24
DA:296,24
DA:297,24
DA:298,24
DA:299,24
DA:300,24
DA:301,24
DA:303,24
DA:304,15
DA:305,15
DA:307,15
DA:309,24
DA:311,24
DA:312,24
DA:313,24
DA:314,24
DA:315,24
DA:316,24
DA:317,24
DA:318,24
DA:319,24
DA:320,24
DA:321,24
DA:322,24
DA:323,24
DA:324,24
DA:327,24
DA:329,24
DA:331,24
DA:332,3
DA:333,2
DA:334,2
DA:335,2
DA:336,2
DA:338,2
DA:339,3
DA:340,3
DA:342,3
DA:344,24
DA:345,24
DA:346,3
DA:347,2
DA:348,2
DA:350,2
DA:351,3
DA:352,3
DA:354,3
DA:356,24
DA:357,11
DA:358,11
DA:359,11
DA:360,11
DA:361,11
DA:362,11
DA:363,11
DA:365,11
DA:366,11
DA:368,18
DA:369,24
DA:371,2
DA:372,2
DA:373,2
DA:374,2
DA:375,2
DA:376,2
DA:377,44
DA:378,13
DA:379,13
DA:381,44
DA:382,44
DA:384,44
DA:385,48
DA:386,48
DA:387,48
DA:388,48
DA:389,48
DA:390,48
DA:391,48
DA:392,48
DA:393,48
DA:394,48
DA:395,48
DA:396,48
DA:397,48
DA:398,48
DA:399,48
DA:400,48
DA:401,48
DA:404,48
DA:406,48
DA:407,2
DA:408,2
DA:409,1
DA:410,1
DA:411,1
DA:412,1
DA:414,1
DA:415,2
DA:416,2
DA:418,2
DA:420,48
DA:421,48
DA:422,2
DA:423,2
DA:424,1
DA:425,1
DA:426,1
DA:427,1
DA:429,1
DA:430,2
DA:431,2
DA:433,2
DA:435,44
DA:436,48
DA:437,48
DA:438,48
DA:439,48
DA:442,48
DA:443,48
DA:444,11
DA:445,11
DA:446,11
DA:447,11
DA:448,11
DA:449,11
DA:451,11
DA:452,11
DA:453,11
DA:454,11
DA:455,11
DA:456,11
DA:458,39
DA:459,48
DA:460,5
DA:461,5
DA:462,4
DA:463,4
DA:464,4
DA:465,4
DA:467,4
DA:468,4
DA:469,4
DA:470,4
DA:472,4
DA:473,4
DA:474,1
DA:475,1
DA:477,1
DA:478,1
DA:480,1
DA:481,1
DA:482,1
DA:483,1
DA:485,1
DA:486,48
DA:487,44
DA:489,2
DA:490,2
DA:491,2
DA:492,2
DA:493,2
DA:494,14
DA:495,14
DA:496,14
DA:497,14
DA:498,14
DA:499,14
DA:500,14
DA:501,14
DA:502,14
DA:503,14
DA:504,14
DA:505,14
DA:506,14
DA:507,14
DA:508,14
DA:509,14
DA:510,14
DA:511,14
DA:512,14
DA:513,14
DA:514,14
DA:515,14
DA:516,14
DA:517,14
DA:518,14
DA:519,14
DA:520,14
DA:521,14
DA:522,14
DA:523,14
DA:524,14
DA:525,14
DA:526,14
DA:527,14
DA:528,14
DA:529,14
DA:530,14
DA:531,14
DA:534,14
DA:535,9
DA:536,14
DA:538,2
DA:539,2
DA:540,2
DA:541,2
DA:542,2
DA:543,2
DA:544,2
DA:545,4
DA:546,4
DA:547,4
DA:548,4
DA:549,4
DA:550,4
DA:551,4
DA:552,4
DA:553,4
DA:554,4
DA:555,4
DA:556,4
DA:557,4
DA:558,4
DA:559,4
DA:560,4
DA:561,4
DA:562,4
DA:563,4
DA:564,4
DA:565,4
DA:566,4
DA:567,4
DA:568,4
DA:569,4
DA:570,4
DA:571,4
DA:572,4
DA:573,4
DA:574,4
DA:575,4
DA:576,4
DA:577,4
DA:578,4
DA:579,4
DA:580,4
DA:581,4
DA:582,4
DA:583,4
DA:584,4
DA:586,4
DA:587,4
DA:589,2
DA:590,2
DA:591,2
DA:592,2
DA:593,2
DA:594,2
DA:595,5
DA:596,5
DA:597,5
DA:598,5
DA:599,5
DA:601,5
DA:602,4
DA:603,4
DA:604,4
DA:605,4
DA:606,4
DA:607,4
DA:608,4
DA:609,4
DA:610,4
DA:611,4
DA:612,4
DA:613,4
DA:614,4
DA:615,4
DA:616,4
DA:617,4
DA:618,5
DA:619,5
DA:620,5
DA:621,5
DA:622,5
DA:623,5
DA:624,5
DA:625,5
DA:626,5
DA:627,5
DA:628,5
DA:629,5
DA:630,5
DA:631,5
DA:632,5
DA:633,5
DA:634,5
DA:635,5
DA:636,5
DA:637,5
DA:638,5
DA:639,5
DA:640,5
DA:641,5
DA:642,5
DA:645,5
DA:646,5
DA:647,5
DA:657,2
DA:658,2
DA:659,2
DA:660,2
DA:661,2
DA:662,1
DA:663,1
DA:664,1
DA:665,1
DA:666,1
DA:668,1
DA:670,1
DA:671,1
DA:672,1
DA:673,1
DA:674,1
DA:675,1
DA:676,1
DA:677,1
DA:678,1
DA:679,1
DA:680,1
DA:681,1
DA:682,1
DA:683,1
DA:684,1
DA:685,1
DA:686,1
DA:687,1
DA:688,1
DA:690,2
DA:691,2
DA:692,2
DA:693,2
DA:694,6
DA:695,6
DA:696,6
DA:697,6
DA:698,6
DA:699,6
DA:701,6
DA:702,6
DA:703,6
DA:704,6
DA:705,6
DA:706,6
DA:707,6
DA:708,6
DA:709,6
DA:710,6
DA:711,6
DA:712,6
DA:713,6
DA:714,6
DA:715,6
DA:716,6
DA:717,6
DA:718,6
DA:719,6
DA:720,6
DA:721,6
DA:722,6
DA:723,6
DA:724,6
DA:725,6
DA:726,6
DA:727,6
DA:728,6
DA:729,6
DA:730,6
DA:731,6
DA:732,6
DA:733,6
DA:734,6
DA:735,6
DA:736,6
DA:737,6
DA:738,6
DA:739,6
DA:740,6
DA:741,6
DA:742,6
DA:744,6
DA:745,6
DA:746,6
DA:747,6
DA:751,6
DA:752,6
DA:753,6
DA:754,6
DA:755,6
DA:756,6
DA:757,6
DA:759,2
DA:760,2
DA:761,2
DA:762,2
DA:763,2
DA:764,2
DA:765,2
DA:766,8
DA:767,8
DA:768,8
DA:769,8
DA:770,8
DA:771,8
DA:772,8
DA:773,8
DA:774,8
DA:776,8
DA:777,8
DA:778,8
DA:779,8
DA:781,8
DA:782,8
DA:783,8
DA:784,8
DA:785,8
DA:786,8
DA:787,8
DA:788,8
DA:789,8
DA:790,8
DA:792,8
DA:793,8
DA:794,8
DA:796,8
DA:797,8
DA:798,8
DA:799,8
DA:800,8
DA:801,8
DA:802,8
DA:803,8
DA:804,8
DA:805,8
DA:806,8
DA:807,8
DA:808,8
DA:809,8
DA:810,8
DA:811,8
DA:812,8
DA:813,8
DA:814,8
DA:815,8
DA:816,8
DA:817,8
DA:818,8
DA:819,8
DA:820,8
DA:821,8
DA:822,8
DA:823,8
DA:824,8
DA:825,8
DA:826,8
DA:827,8
DA:828,8
DA:829,8
DA:830,8
DA:831,8
DA:832,8
DA:833,8
DA:834,8
DA:835,8
DA:836,8
DA:837,8
DA:838,8
DA:839,8
DA:840,8
DA:841,8
DA:842,8
DA:844,8
DA:845,8
DA:846,8
DA:847,8
DA:851,8
DA:852,8
DA:853,8
DA:854,8
DA:855,8
DA:856,8
DA:857,8
DA:859,2
DA:860,2
DA:861,2
DA:862,3
DA:863,3
DA:864,3
DA:865,3
DA:866,3
DA:868,3
DA:869,3
DA:870,3
DA:871,3
DA:872,3
DA:873,3
DA:874,3
DA:875,3
DA:876,3
DA:877,3
DA:878,3
DA:879,3
DA:880,3
DA:881,3
DA:882,3
DA:883,3
DA:884,3
DA:885,3
DA:886,3
DA:887,3
DA:888,3
DA:889,3
DA:890,3
DA:891,3
DA:892,3
DA:893,3
DA:894,3
DA:895,3
DA:896,3
DA:897,3
DA:898,3
DA:899,3
DA:900,3
DA:901,3
DA:902,3
DA:903,3
DA:904,3
DA:905,3
DA:906,3
DA:907,3
DA:908,3
DA:909,3
DA:911,3
DA:912,3
DA:913,3
DA:914,3
DA:918,3
DA:919,3
DA:920,3
DA:921,3
DA:922,3
DA:923,3
DA:924,3
DA:926,2
DA:927,2
DA:928,2
DA:929,2
DA:930,2
DA:931,2
DA:932,3
DA:933,3
DA:934,3
DA:935,3
DA:936,3
DA:937,3
DA:938,3
DA:939,3
DA:940,3
DA:941,3
DA:942,3
DA:943,3
DA:944,3
DA:946,3
DA:947,3
DA:948,3
DA:949,3
DA:950,3
DA:951,3
DA:953,3
DA:954,3
DA:955,3
DA:956,3
DA:957,3
DA:958,3
DA:959,3
DA:960,3
DA:961,3
DA:962,3
DA:963,3
DA:964,3
DA:965,3
DA:966,3
DA:967,3
DA:968,3
DA:969,3
DA:970,3
DA:971,3
DA:972,3
DA:973,3
DA:974,3
DA:975,3
DA:976,3
DA:977,3
DA:978,3
DA:979,3
DA:980,3
DA:981,3
DA:982,3
DA:983,3
DA:984,3
DA:985,3
DA:986,3
DA:987,3
DA:988,3
DA:989,3
DA:990,3
DA:991,3
DA:992,3
DA:993,3
DA:994,3
DA:995,3
DA:996,3
DA:997,3
DA:998,3
DA:999,3
DA:1000,3
DA:1002,3
DA:1003,3
DA:1004,3
DA:1005,3
DA:1009,3
DA:1010,3
DA:1011,3
DA:1012,3
DA:1013,3
DA:1014,3
DA:1015,3
DA:1017,2
DA:1018,2
DA:1019,2
DA:1020,2
DA:1021,1
DA:1022,1
DA:1023,1
DA:1024,1
DA:1025,1
DA:1026,1
DA:1028,1
DA:1030,1
DA:1031,1
DA:1032,1
DA:1033,1
DA:1034,1
DA:1035,1
DA:1036,1
DA:1037,1
DA:1038,1
DA:1039,1
DA:1040,1
DA:1041,1
DA:1042,1
DA:1043,1
DA:1044,1
DA:1045,1
DA:1046,1
DA:1047,1
DA:1048,1
DA:1049,1
DA:1050,1
DA:1051,1
DA:1052,1
DA:1053,1
DA:1054,1
DA:1055,1
DA:1056,1
DA:1057,1
DA:1058,1
DA:1059,1
DA:1060,1
DA:1061,1
DA:1062,1
DA:1063,1
DA:1064,1
DA:1065,1
DA:1066,1
DA:1067,1
DA:1068,1
DA:1069,1
DA:1070,1
DA:1071,1
DA:1074,1
DA:1075,1
DA:1076,1
DA:1077,2
DA:1079,2
DA:1080,2
DA:1081,2
DA:1083,25
DA:1084,25
DA:1085,25
DA:1086,25
DA:1087,25
DA:1088,25
DA:1089,25
DA:1090,25
DA:1092,25
LH:779
LF:779
end_of_record
SF:/tmp/opencode/dripbird-f4/src/main.ts
FN:21,readStream
FN:38,formatDuration
FN:50,printSummary
FN:92,printConfig
FN:126,runCrossFilePass
FN:159,readFile
FN:192,runInDir
FN:209,log
FN:216,flushLog
FN:272,printConfigOnce
FN:321,readFile
FN:362,run
FNDA:3,readStream
FNDA:75,formatDuration
FNDA:15,printSummary
FNDA:15,printConfig
FNDA:25,runCrossFilePass
FNDA:3,readFile
FNDA:22,runInDir
FNDA:28,log
FNDA:15,flushLog
FNDA:18,printConfigOnce
FNDA:2,readFile
FNDA:3,run
FNF:12
FNH:12
BRDA:25,1,0,4
BRDA:31,1,0,4
BRDA:39,3,0,63
BRDA:39,3,1,12
BRDA:63,4,0,19
BRDA:64,4,0,34
BRDA:67,4,0,27
BRDA:67,4,1,7
BRDA:73,4,0,27
BRDA:78,4,0,19
BRDA:79,4,0,7
BRDA:79,4,1,12
BRDA:82,4,0,4
BRDA:82,4,1,15
BRDA:85,4,0,3
BRDA:85,4,1,1
BRDA:87,4,0,12
BRDA:87,4,1,7
BRDA:115,5,0,150
BRDA:135,7,0,9
BRDA:135,7,1,16
BRDA:135,7,2,9
BRDA:137,7,0,6
BRDA:137,7,1,19
BRDA:138,7,0,3
BRDA:138,7,1,22
BRDA:145,7,0,13
BRDA:145,7,1,12
BRDA:147,7,0,12
BRDA:147,7,1,1
BRDA:149,7,0,1
BRDA:149,7,1,12
BRDA:152,7,0,9
BRDA:152,7,1,16
BRDA:158,7,0,2
BRDA:158,7,1,7
BRDA:162,7,0,6
BRDA:162,7,1,3
BRDA:163,7,0,4
BRDA:163,7,1,5
BRDA:169,7,0,2
BRDA:169,7,1,2
BRDA:173,7,0,1
BRDA:173,7,1,3
BRDA:174,7,0,3
BRDA:174,7,1,6
BRDA:183,7,0,1
BRDA:183,7,1,2
BRDA:184,7,0,3
BRDA:184,7,1,6
BRDA:188,7,0,9
BRDA:188,7,1,16
BRDA:197,10,0,2
BRDA:197,10,1,20
BRDA:200,10,0,1
BRDA:200,10,1,19
BRDA:239,10,0,7
BRDA:239,10,1,15
BRDA:257,10,0,6
BRDA:257,10,1,1
BRDA:263,10,0,19
BRDA:263,10,1,3
BRDA:296,10,0,18
BRDA:296,10,1,4
BRDA:297,10,0,1
BRDA:297,10,1,21
BRDA:300,10,0,23
BRDA:304,10,0,22
BRDA:304,10,1,1
BRDA:305,10,0,1
BRDA:305,10,1,22
BRDA:310,10,0,22
BRDA:310,10,1,1
BRDA:320,10,0,6
BRDA:320,10,1,16
BRDA:322,10,0,22
BRDA:322,10,1,1
BRDA:333,10,0,12
BRDA:333,10,1,11
BRDA:337,10,0,11
BRDA:337,10,1,1
BRDA:338,10,0,11
BRDA:338,10,1,1
BRDA:340,10,0,1
BRDA:340,10,1,11
BRDA:345,10,0,10
BRDA:345,10,1,6
BRDA:349,10,0,19
BRDA:349,10,1,3
BRDA:353,10,0,11
BRDA:353,10,1,11
BRDA:355,10,0,8
BRDA:355,10,1,4
BRDA:357,10,0,19
BRDA:357,10,1,3
BRDA:359,10,0,11
BRDA:359,10,1,8
BRDA:210,11,0,6
BRDA:210,11,1,22
BRDA:212,11,0,22
BRDA:212,11,1,6
BRDA:217,12,0,22
BRDA:273,13,0,15
BRDA:273,13,1,3
BRF:104
BRH:104
DA:1,1
DA:3,1
DA:4,1
DA:10,1
DA:11,1
DA:12,1
DA:13,1
DA:14,1
DA:15,1
DA:16,1
DA:18,1
DA:21,1
DA:22,1
DA:24,3
DA:25,3
DA:26,4
DA:27,4
DA:28,3
DA:29,3
DA:30,3
DA:31,3
DA:32,4
DA:33,4
DA:34,4
DA:35,3
DA:36,3
DA:38,1
DA:39,75
DA:40,12
DA:41,75
DA:50,15
DA:51,15
DA:52,15
DA:53,15
DA:55,15
DA:56,15
DA:57,15
DA:58,15
DA:61,15
DA:62,15
DA:63,15
DA:64,19
DA:65,34
DA:66,34
DA:67,34
DA:69,34
DA:70,19
DA:72,15
DA:73,15
DA:74,27
DA:75,27
DA:77,15
DA:78,15
DA:79,19
DA:80,12
DA:81,12
DA:82,19
DA:83,4
DA:84,4
DA:85,4
DA:86,4
DA:87,4
DA:88,12
DA:89,12
DA:90,15
DA:92,15
DA:93,15
DA:94,15
DA:95,15
DA:96,15
DA:97,15
DA:98,15
DA:99,15
DA:100,15
DA:101,15
DA:102,15
DA:103,15
DA:104,15
DA:105,15
DA:106,15
DA:107,15
DA:108,15
DA:109,15
DA:110,15
DA:111,15
DA:112,15
DA:113,15
DA:114,15
DA:115,15
DA:116,150
DA:117,150
DA:118,15
DA:126,1
DA:127,1
DA:128,1
DA:129,1
DA:130,1
DA:131,1
DA:132,1
DA:133,1
DA:135,25
DA:137,25
DA:138,25
DA:139,25
DA:142,25
DA:144,25
DA:145,25
DA:146,13
DA:147,13
DA:148,12
DA:149,13
DA:150,1
DA:151,1
DA:152,13
DA:154,9
DA:155,9
DA:156,9
DA:157,9
DA:158,9
DA:159,9
DA:160,9
DA:161,9
DA:162,9
DA:163,9
DA:164,4
DA:165,4
DA:166,4
DA:169,4
DA:170,2
DA:171,2
DA:172,4
DA:173,4
DA:174,4
DA:175,3
DA:178,3
DA:179,3
DA:180,3
DA:181,3
DA:183,3
DA:184,3
DA:185,3
DA:186,3
DA:187,3
DA:188,3
DA:189,9
DA:190,25
DA:192,1
DA:193,1
DA:194,1
DA:195,1
DA:197,22
DA:199,20
DA:200,22
DA:202,19
DA:204,19
DA:205,19
DA:207,19
DA:208,19
DA:209,19
DA:210,28
DA:211,6
DA:212,28
DA:213,22
DA:214,22
DA:215,19
DA:216,19
DA:217,15
DA:218,22
DA:219,22
DA:220,15
DA:221,15
DA:222,19
DA:224,19
DA:225,19
DA:226,19
DA:228,19
DA:229,19
DA:230,19
DA:231,19
DA:232,19
DA:233,19
DA:238,19
DA:239,22
DA:240,7
DA:241,7
DA:242,7
DA:243,7
DA:244,7
DA:245,7
DA:246,7
DA:248,7
DA:249,7
DA:250,7
DA:251,7
DA:252,7
DA:253,7
DA:254,7
DA:255,7
DA:256,7
DA:257,7
DA:258,6
DA:259,6
DA:260,6
DA:261,6
DA:262,6
DA:263,7
DA:265,19
DA:266,19
DA:268,19
DA:269,19
DA:270,19
DA:272,19
DA:273,18
DA:274,15
DA:275,15
DA:276,15
DA:277,15
DA:278,19
DA:285,22
DA:286,22
DA:287,22
DA:288,22
DA:289,22
DA:290,22
DA:291,22
DA:292,22
DA:293,22
DA:295,22
DA:296,22
DA:297,22
DA:298,22
DA:300,22
DA:301,23
DA:302,23
DA:303,23
DA:304,23
DA:305,23
DA:306,1
DA:307,1
DA:309,1
DA:310,1
DA:312,22
DA:313,22
DA:314,22
DA:315,22
DA:316,22
DA:317,22
DA:318,22
DA:319,22
DA:320,23
DA:321,23
DA:322,23
DA:324,22
DA:326,22
DA:327,22
DA:328,22
DA:329,22
DA:330,22
DA:331,22
DA:333,23
DA:334,12
DA:337,12
DA:338,12
DA:339,11
DA:340,12
DA:341,12
DA:342,12
DA:344,12
DA:345,23
DA:346,6
DA:347,6
DA:348,6
DA:349,23
DA:351,19
DA:353,22
DA:354,11
DA:355,22
DA:356,4
DA:357,4
DA:359,22
DA:360,22
DA:362,1
DA:363,3
DA:364,3
LH:284
LF:284
end_of_record
SF:/tmp/opencode/dripbird-f4/src/refactors/duplicate_extractor.ts
FN:23,parseSource
FN:26,parse
FN:36,cloneDeep
FN:51,isPropertyContext
FN:83,normalizeStatements
FN:89,visitIdentifier
FN:105,usesThis
FN:109,visitThisExpression
FN:119,collectSequences
FN:127,processBody
FN:177,visitFunctionDeclaration
FN:198,visitClassMethod
FN:235,visitFunctionExpression
FN:238,visitArrowFunctionExpression
FN:246,overlapsRange
FN:265,findDuplicateGroups
FN:319,selectNonOverlapping
FN:334,detectBaseIndent
FN:351,normalizeCallSiteIndent
FN:367,applyTextEdit
FN:397,computeExtractionTarget
FN:422,reindentBlock
FN:439,insertMethodIntoClass
FN:453,visitClassDeclaration
FN:480,createDuplicateExtractor
FNDA:239,parseSource
FNDA:239,parse
FNDA:268370,cloneDeep
FNDA:20289,isPropertyContext
FNDA:3065,normalizeStatements
FNDA:18945,visitIdentifier
FNDA:252,usesThis
FNDA:6,visitThisExpression
FNDA:351,collectSequences
FNDA:517,processBody
FNDA:494,visitFunctionDeclaration
FNDA:55,visitClassMethod
FNDA:4,visitFunctionExpression
FNDA:4,visitArrowFunctionExpression
FNDA:161,overlapsRange
FNDA:131,findDuplicateGroups
FNDA:219,selectNonOverlapping
FNDA:312,detectBaseIndent
FNDA:152,normalizeCallSiteIndent
FNDA:152,applyTextEdit
FNDA:39,computeExtractionTarget
FNDA:8,reindentBlock
FNDA:10,insertMethodIntoClass
FNDA:6,visitClassDeclaration
FNDA:66,createDuplicateExtractor
FNF:25
FNH:25
BRDA:37,3,0,268350
BRDA:37,3,1,20
BRDA:37,3,2,268350
BRDA:38,3,0,160517
BRDA:38,3,1,107833
BRDA:39,3,0,18273
BRDA:39,3,1,89560
BRDA:41,3,0,449416
BRDA:43,3,0,377085
BRDA:43,3,1,304754
BRDA:43,3,2,232423
BRDA:44,3,0,232423
BRDA:44,3,1,216993
BRDA:45,3,0,216993
BRDA:45,3,1,232423
BRDA:47,3,0,89560
BRDA:47,3,1,178810
BRDA:53,4,0,1089
BRDA:53,4,1,19200
BRDA:54,4,0,577
BRDA:54,4,1,19712
BRDA:56,4,0,577
BRDA:56,4,1,19712
BRDA:58,4,0,13
BRDA:58,4,1,20276
BRDA:59,4,0,7
BRDA:59,4,1,20282
BRDA:60,4,0,7
BRDA:60,4,1,20282
BRDA:62,4,0,6
BRDA:62,4,1,19706
BRDA:64,4,0,4
BRDA:64,4,1,20285
BRDA:65,4,0,4
BRDA:65,4,1,20285
BRDA:67,4,0,4
BRDA:67,4,1,19906
BRDA:67,4,2,19702
BRDA:69,4,0,19698
BRDA:69,4,1,208
BRDA:70,4,0,19698
BRDA:70,4,1,591
BRDA:71,4,0,19698
BRDA:71,4,1,591
BRDA:72,4,0,4
BRDA:72,4,1,20285
BRDA:73,4,0,4
BRDA:73,4,1,20285
BRDA:75,4,0,4
BRDA:75,4,1,19698
BRDA:77,4,0,4
BRDA:77,4,1,20285
BRDA:79,4,0,4
BRDA:79,4,1,19694
BRDA:87,5,0,17603
BRDA:92,6,0,413
BRDA:92,6,1,18532
BRDA:95,6,0,18532
BRDA:95,6,1,413
BRDA:107,8,0,506
BRDA:114,8,0,6
BRDA:114,8,1,500
BRDA:115,8,0,246
BRDA:115,8,1,6
BRDA:137,11,0,1279
BRDA:138,11,0,6
BRDA:138,11,1,1273
BRDA:139,11,0,1
BRDA:139,11,1,1272
BRDA:147,11,0,1272
BRDA:148,11,0,4504
BRDA:153,11,0,165
BRDA:153,11,1,4339
BRDA:155,11,0,1274
BRDA:155,11,1,3065
BRDA:179,13,0,1
BRDA:179,13,1,493
BRDA:182,13,0,493
BRDA:182,13,1,1
BRDA:183,13,0,491
BRDA:183,13,1,4
BRDA:186,13,0,489
BRDA:186,13,1,5
BRDA:187,13,0,489
BRDA:187,13,1,20
BRDA:190,13,0,469
BRDA:190,13,1,25
BRDA:200,14,0,3
BRDA:200,14,1,52
BRDA:203,14,0,52
BRDA:203,14,1,3
BRDA:204,14,0,51
BRDA:204,14,1,1
BRDA:207,14,0,51
BRDA:207,14,1,4
BRDA:208,14,0,51
BRDA:208,14,1,1
BRDA:211,14,0,50
BRDA:211,14,1,5
BRDA:212,14,0,1
BRDA:212,14,1,54
BRDA:215,14,0,49
BRDA:215,14,1,6
BRDA:217,14,0,49
BRDA:217,14,1,48
BRDA:219,14,0,49
BRDA:219,14,1,6
BRDA:220,14,0,48
BRDA:220,14,1,1
BRDA:223,14,0,48
BRDA:223,14,1,7
BRDA:252,18,0,160
BRDA:252,18,1,1
BRDA:270,19,0,958
BRDA:272,19,0,131
BRDA:272,19,1,827
BRDA:274,19,0,827
BRDA:274,19,1,131
BRDA:280,19,0,827
BRDA:281,19,0,703
BRDA:281,19,1,139
BRDA:281,19,2,124
BRDA:286,19,0,1
BRDA:286,19,1,123
BRDA:291,19,0,1
BRDA:291,19,1,122
BRDA:295,19,0,251
BRDA:301,19,0,122
BRDA:301,19,1,17
BRDA:325,22,0,270
BRDA:326,22,0,264
BRDA:326,22,1,6
BRDA:321,23,0,1
BRDA:321,23,1,51
BRDA:337,24,0,645
BRDA:338,24,0,150
BRDA:338,24,1,495
BRDA:343,24,0,313
BRDA:343,24,1,332
BRDA:356,25,0,137
BRDA:356,25,1,15
BRDA:358,26,0,15
BRDA:358,26,1,17
BRDA:359,26,0,5
BRDA:359,26,1,27
BRDA:360,26,0,5
BRDA:360,26,1,27
BRDA:361,26,0,12
BRDA:361,26,1,20
BRDA:377,28,0,152
BRDA:377,28,1,173
BRDA:401,29,0,34
BRDA:401,29,1,5
BRDA:411,29,0,3
BRDA:411,29,1,3
BRDA:413,29,0,2
BRDA:413,29,1,37
BRDA:425,33,0,1
BRDA:425,33,1,15
BRDA:426,33,0,14
BRDA:426,33,1,2
BRDA:428,33,0,1
BRDA:428,33,1,15
BRDA:447,34,0,4
BRDA:447,34,1,6
BRDA:449,34,0,6
BRDA:449,34,1,4
BRDA:464,34,0,1
BRDA:464,34,1,5
BRDA:475,34,0,1
BRDA:475,34,1,9
BRDA:476,34,0,2
BRDA:476,34,1,3
BRDA:455,35,0,5
BRDA:455,35,1,1
BRDA:457,35,0,5
BRDA:457,35,1,1
BRDA:460,35,0,1
BRDA:460,35,1,5
BRDA:490,37,0,20
BRDA:490,37,1,54
BRDA:495,37,0,2
BRDA:495,37,1,66
BRDA:497,37,0,66
BRDA:497,37,1,2
BRDA:508,37,0,15
BRDA:508,37,1,53
BRDA:511,37,0,67
BRDA:511,37,1,51
BRDA:515,37,0,12
BRDA:515,37,1,55
BRDA:520,37,0,39
BRDA:520,37,1,29
BRDA:548,37,0,59
BRDA:548,37,1,2
BRDA:549,37,0,1
BRDA:549,37,1,1
BRDA:550,37,0,1
BRDA:550,37,1,1
BRDA:553,37,0,39
BRDA:553,37,1,20
BRDA:559,37,0,79
BRDA:577,37,0,39
BRDA:577,37,1,40
BRDA:585,37,0,1
BRDA:585,37,1,39
BRDA:596,37,0,39
BRDA:596,37,1,40
BRDA:598,37,0,2
BRDA:598,37,1,77
BRDA:603,37,0,37
BRDA:603,37,1,42
BRDA:606,37,0,3
BRDA:606,37,1,76
BRDA:609,37,0,1
BRDA:609,37,1,2
BRDA:615,37,0,36
BRDA:615,37,1,43
BRDA:618,37,0,1
BRDA:618,37,1,78
BRDA:623,37,0,35
BRDA:623,37,1,44
BRDA:638,37,0,56
BRDA:638,37,1,23
BRDA:643,37,0,35
BRDA:643,37,1,21
BRDA:644,37,0,4
BRDA:644,37,1,52
BRDA:645,37,0,52
BRDA:645,37,1,4
BRDA:651,37,0,6
BRDA:651,37,1,50
BRDA:658,37,0,50
BRDA:658,37,1,6
BRDA:675,37,0,100
BRDA:682,37,0,50
BRDA:682,37,1,6
BRDA:684,37,0,4
BRDA:684,37,1,52
BRDA:690,37,0,3
BRDA:690,37,1,1
BRDA:699,37,0,1
BRDA:699,37,1,3
BRDA:701,37,0,46
BRDA:701,37,1,10
BRDA:704,37,0,47
BRDA:704,37,1,9
BRDA:710,37,0,10
BRDA:710,37,1,46
BRDA:712,37,0,47
BRDA:712,37,1,9
BRDA:713,37,0,10
BRDA:713,37,1,46
BRDA:722,37,0,37
BRDA:722,37,1,19
BRDA:730,37,0,5
BRDA:730,37,1,51
BRDA:733,37,0,2
BRDA:733,37,1,3
BRDA:740,37,0,4
BRDA:740,37,1,1
BRDA:756,37,0,33
BRDA:756,37,1,23
BRDA:778,37,0,8
BRDA:778,37,1,48
BRDA:786,37,0,25
BRDA:786,37,1,31
BRDA:797,37,0,10
BRDA:797,37,1,69
BRDA:800,37,0,15
BRDA:800,37,1,44
BRDA:802,37,0,24
BRDA:802,37,1,35
BRDA:574,40,0,56
BRDA:574,40,1,13
BRF:275
BRH:275
DA:2,4
DA:3,4
DA:9,4
DA:23,239
DA:24,239
DA:25,239
DA:26,239
DA:27,239
DA:28,239
DA:29,239
DA:30,239
DA:31,239
DA:32,239
DA:33,239
DA:34,239
DA:36,268370
DA:37,268370
DA:38,268370
DA:39,268370
DA:40,89560
DA:41,268370
DA:42,449416
DA:43,449416
DA:44,449416
DA:45,449416
DA:46,232423
DA:47,232423
DA:48,89560
DA:49,268370
DA:51,4
DA:52,20289
DA:53,20289
DA:54,20289
DA:55,20289
DA:56,20289
DA:57,20289
DA:58,20289
DA:59,20289
DA:60,20289
DA:61,20289
DA:62,20289
DA:63,20289
DA:64,20289
DA:65,20289
DA:66,20289
DA:67,20289
DA:68,20289
DA:69,20289
DA:70,20289
DA:71,20289
DA:72,20289
DA:73,20289
DA:74,20289
DA:75,20289
DA:76,20289
DA:77,20289
DA:78,20289
DA:79,20289
DA:80,19694
DA:81,20289
DA:83,3065
DA:84,3065
DA:85,3065
DA:87,3065
DA:88,17603
DA:89,17603
DA:90,18945
DA:91,18945
DA:92,18945
DA:93,413
DA:94,413
DA:95,413
DA:96,18532
DA:97,18532
DA:98,18945
DA:99,17603
DA:100,17603
DA:102,3065
DA:103,3065
DA:105,4
DA:106,252
DA:107,252
DA:108,506
DA:109,506
DA:110,6
DA:111,6
DA:112,6
DA:113,506
DA:114,506
DA:115,506
DA:116,246
DA:117,252
DA:119,4
DA:120,4
DA:121,4
DA:122,4
DA:123,4
DA:125,351
DA:127,351
DA:128,351
DA:129,351
DA:130,351
DA:132,517
DA:136,517
DA:137,517
DA:138,1279
DA:139,1279
DA:140,1272
DA:141,1272
DA:142,1272
DA:143,1272
DA:144,1272
DA:145,1272
DA:147,517
DA:148,1272
DA:149,4504
DA:150,4504
DA:151,4504
DA:153,4504
DA:155,4504
DA:157,3065
DA:158,3065
DA:159,3065
DA:160,3065
DA:161,3065
DA:163,3065
DA:164,3065
DA:165,3065
DA:166,3065
DA:167,3065
DA:168,3065
DA:169,3065
DA:170,3065
DA:171,3065
DA:172,3065
DA:173,4504
DA:174,517
DA:176,351
DA:177,351
DA:178,494
DA:179,494
DA:180,1
DA:181,1
DA:182,1
DA:183,494
DA:184,4
DA:185,4
DA:186,4
DA:187,494
DA:188,20
DA:189,20
DA:190,20
DA:191,469
DA:192,469
DA:193,469
DA:194,469
DA:196,469
DA:197,351
DA:198,351
DA:199,55
DA:200,55
DA:201,3
DA:202,3
DA:203,3
DA:204,55
DA:205,1
DA:206,1
DA:207,1
DA:208,55
DA:209,1
DA:210,1
DA:211,1
DA:212,55
DA:213,1
DA:214,1
DA:215,1
DA:216,55
DA:217,55
DA:218,55
DA:219,55
DA:220,55
DA:221,1
DA:222,1
DA:223,1
DA:224,48
DA:225,48
DA:226,48
DA:227,48
DA:228,48
DA:229,48
DA:230,48
DA:231,48
DA:233,48
DA:234,351
DA:235,351
DA:236,4
DA:237,351
DA:238,351
DA:239,4
DA:240,4
DA:241,351
DA:243,351
DA:244,351
DA:246,161
DA:247,161
DA:248,161
DA:249,161
DA:251,161
DA:252,161
DA:254,161
DA:260,4
DA:261,4
DA:262,4
DA:263,4
DA:265,4
DA:266,4
DA:267,4
DA:269,131
DA:270,131
DA:271,958
DA:272,958
DA:273,131
DA:274,958
DA:275,827
DA:276,827
DA:277,958
DA:279,131
DA:280,131
DA:281,827
DA:283,124
DA:284,124
DA:286,139
DA:288,123
DA:289,123
DA:291,139
DA:293,122
DA:294,122
DA:295,139
DA:296,251
DA:297,251
DA:298,251
DA:299,251
DA:300,251
DA:301,251
DA:302,122
DA:303,122
DA:304,122
DA:305,827
DA:307,131
DA:308,131
DA:319,4
DA:320,219
DA:321,219
DA:323,219
DA:324,219
DA:325,219
DA:326,270
DA:327,264
DA:328,264
DA:329,264
DA:330,270
DA:331,219
DA:332,219
DA:334,4
DA:335,312
DA:336,312
DA:337,312
DA:338,645
DA:339,495
DA:340,495
DA:341,495
DA:343,645
DA:344,313
DA:345,313
DA:346,313
DA:347,645
DA:348,312
DA:349,312
DA:351,4
DA:352,4
DA:353,4
DA:355,152
DA:356,152
DA:357,15
DA:358,32
DA:359,32
DA:360,32
DA:361,32
DA:362,32
DA:363,32
DA:364,15
DA:365,152
DA:367,4
DA:368,4
DA:369,4
DA:370,4
DA:371,4
DA:373,152
DA:374,152
DA:375,152
DA:376,152
DA:377,152
DA:379,152
DA:380,152
DA:397,4
DA:398,4
DA:400,39
DA:401,39
DA:403,5
DA:404,5
DA:405,5
DA:406,5
DA:407,5
DA:408,5
DA:409,5
DA:411,39
DA:412,3
DA:413,3
DA:414,2
DA:415,39
DA:422,4
DA:423,8
DA:424,8
DA:425,16
DA:426,16
DA:427,14
DA:428,14
DA:429,1
DA:430,8
DA:431,8
DA:439,4
DA:440,4
DA:441,4
DA:442,4
DA:444,10
DA:445,10
DA:446,10
DA:447,10
DA:448,4
DA:449,4
DA:451,6
DA:452,6
DA:453,6
DA:454,6
DA:455,6
DA:456,6
DA:457,6
DA:458,5
DA:459,5
DA:460,5
DA:461,1
DA:462,6
DA:463,6
DA:464,10
DA:466,5
DA:467,5
DA:468,5
DA:469,5
DA:475,10
DA:476,10
DA:477,10
DA:478,10
DA:480,4
DA:481,4
DA:482,4
DA:483,4
DA:485,66
DA:486,66
DA:487,66
DA:488,66
DA:490,68
DA:492,68
DA:493,68
DA:494,68
DA:495,68
DA:496,2
DA:497,2
DA:499,66
DA:501,66
DA:502,66
DA:503,66
DA:504,66
DA:505,66
DA:508,68
DA:509,15
DA:510,15
DA:511,15
DA:513,51
DA:515,67
DA:516,12
DA:517,12
DA:519,12
DA:520,12
DA:522,68
DA:523,68
DA:531,68
DA:532,68
DA:535,68
DA:536,68
DA:537,68
DA:544,68
DA:547,68
DA:548,68
DA:549,2
DA:550,2
DA:551,1
DA:552,1
DA:553,2
DA:559,59
DA:563,79
DA:565,79
DA:566,79
DA:567,79
DA:568,79
DA:569,79
DA:571,79
DA:572,79
DA:573,79
DA:574,79
DA:575,79
DA:577,79
DA:579,40
DA:580,40
DA:584,40
DA:585,79
DA:587,79
DA:588,79
DA:589,79
DA:590,79
DA:593,79
DA:594,79
DA:595,79
DA:596,79
DA:598,79
DA:599,2
DA:600,2
DA:602,2
DA:603,2
DA:605,37
DA:606,79
DA:607,3
DA:608,3
DA:609,3
DA:610,1
DA:611,1
DA:613,1
DA:614,1
DA:615,3
DA:617,36
DA:618,79
DA:619,1
DA:620,1
DA:622,1
DA:623,1
DA:625,35
DA:627,35
DA:628,35
DA:630,35
DA:631,35
DA:632,35
DA:634,35
DA:635,35
DA:636,35
DA:638,79
DA:639,56
DA:640,56
DA:641,56
DA:642,56
DA:643,56
DA:644,56
DA:645,56
DA:646,56
DA:649,56
DA:650,56
DA:651,56
DA:652,6
DA:653,6
DA:655,6
DA:656,6
DA:657,6
DA:658,6
DA:660,50
DA:661,100
DA:662,100
DA:663,50
DA:665,50
DA:667,50
DA:668,50
DA:669,100
DA:670,100
DA:671,100
DA:672,50
DA:673,50
DA:675,56
DA:676,100
DA:677,100
DA:678,100
DA:679,100
DA:680,100
DA:682,100
DA:684,56
DA:685,4
DA:686,4
DA:687,4
DA:688,4
DA:690,4
DA:691,3
DA:692,3
DA:693,3
DA:694,3
DA:696,3
DA:697,3
DA:698,3
DA:699,3
DA:700,1
DA:701,56
DA:702,46
DA:703,46
DA:704,46
DA:706,47
DA:707,47
DA:708,47
DA:709,47
DA:710,56
DA:711,10
DA:712,10
DA:713,56
DA:714,10
DA:715,10
DA:716,10
DA:717,10
DA:719,10
DA:720,10
DA:721,10
DA:722,10
DA:730,56
DA:731,5
DA:732,5
DA:733,5
DA:735,5
DA:736,5
DA:737,5
DA:738,5
DA:740,5
DA:741,4
DA:742,4
DA:743,4
DA:744,4
DA:745,4
DA:746,4
DA:747,4
DA:749,4
DA:750,4
DA:751,4
DA:752,4
DA:753,4
DA:754,4
DA:755,4
DA:756,5
DA:762,33
DA:763,33
DA:764,33
DA:765,66
DA:766,66
DA:767,66
DA:768,66
DA:769,33
DA:770,33
DA:772,33
DA:773,33
DA:774,33
DA:775,33
DA:776,33
DA:778,56
DA:779,8
DA:780,8
DA:781,8
DA:782,8
DA:784,8
DA:785,8
DA:786,8
DA:788,25
DA:789,25
DA:791,25
DA:792,25
DA:794,25
DA:795,25
DA:797,79
DA:798,79
DA:800,59
DA:801,15
DA:802,15
DA:804,24
DA:805,24
DA:806,24
DA:807,24
DA:808,24
DA:809,66
DA:810,66
LH:599
LF:599
end_of_record
SF:/tmp/opencode/dripbird-f4/src/refactors/duplicate_extractor_cross.ts
FN:85,sharedDirCandidates
FN:108,parseSource
FN:111,parse
FN:121,parseBare
FN:129,joinPath
FN:139,resolveLocalBinding
FN:155,insertImport
FN:178,lastImportEndLine
FN:192,firstCodeLineIndex
FN:215,parseLintIgnoreRules
FN:226,tripsLintRule
FN:236,visitTSAnyKeyword
FN:254,filterLintDirectives
FN:288,collectLintIgnoreDirectives
FN:314,insertImportAtLine
FN:343,collectReferencedNames
FN:346,visitImportDeclaration
FN:349,visitIdentifier
FN:364,specifierBound
FN:375,rebuildImportStatement
FN:409,pruneOrphanedImports
FN:471,resolveModulePath
FN:485,overlapsRange
FN:494,importBindingSpecifiers
FN:517,runCreatedHelperBindings
FN:568,isHelperCallExpression
FN:588,isForwardingReturn
FN:601,isForwardingBranch
FN:619,isForwardingStatement
FN:643,isTrivialProxyGroup
FN:700,gateCrossFileGroups
FN:712,astFor
FN:815,findCrossFileDuplicateGroups
FN:907,collectHelperImports
FN:998,extractGroup
FN:1335,createCrossFileDuplicateExtractor
FN:1348,relOf
FN:1359,astOf
FN:1372,readFile
FN:1381,pathExists
FNDA:33,sharedDirCandidates
FNDA:333,parseSource
FNDA:333,parse
FNDA:269,parseBare
FNDA:101,joinPath
FNDA:55,resolveLocalBinding
FNDA:6,insertImport
FNDA:56,lastImportEndLine
FNDA:106,firstCodeLineIndex
FNDA:11,parseLintIgnoreRules
FNDA:13,tripsLintRule
FNDA:4,visitTSAnyKeyword
FNDA:28,filterLintDirectives
FNDA:49,collectLintIgnoreDirectives
FNDA:56,insertImportAtLine
FNDA:114,collectReferencedNames
FNDA:110,visitImportDeclaration
FNDA:653,visitIdentifier
FNDA:121,specifierBound
FNDA:8,rebuildImportStatement
FNDA:61,pruneOrphanedImports
FNDA:30,resolveModulePath
FNDA:88,overlapsRange
FNDA:30,importBindingSpecifiers
FNDA:102,runCreatedHelperBindings
FNDA:21,isHelperCallExpression
FNDA:10,isForwardingReturn
FNDA:9,isForwardingBranch
FNDA:27,isForwardingStatement
FNDA:50,isTrivialProxyGroup
FNDA:46,gateCrossFileGroups
FNDA:190,astFor
FNDA:100,findCrossFileDuplicateGroups
FNDA:23,collectHelperImports
FNDA:28,extractGroup
FNDA:30,createCrossFileDuplicateExtractor
FNDA:49,relOf
FNDA:95,astOf
FNDA:184,readFile
FNDA:28,pathExists
FNF:40
FNH:40
BRDA:141,7,0,50
BRDA:141,7,1,5
BRDA:143,7,0,1
BRDA:143,7,1,54
BRDA:145,7,0,5
BRDA:145,7,1,50
BRDA:164,8,0,1
BRDA:164,8,1,5
BRDA:166,8,0,5
BRDA:166,8,1,1
BRDA:180,9,0,72
BRDA:181,9,0,54
BRDA:181,9,1,18
BRDA:194,10,0,183
BRDA:196,10,0,10
BRDA:196,10,1,173
BRDA:197,10,0,5
BRDA:197,10,1,5
BRDA:198,10,0,173
BRDA:198,10,1,164
BRDA:198,10,2,125
BRDA:198,10,3,55
BRDA:200,10,0,118
BRDA:200,10,1,13
BRDA:201,10,0,5
BRDA:201,10,1,8
BRDA:202,10,0,105
BRDA:202,10,1,13
BRDA:205,10,0,1
BRDA:205,10,1,105
BRDA:227,12,0,4
BRDA:227,12,1,9
BRDA:231,12,0,0
BRDA:231,12,1,13
BRDA:233,12,0,9
BRDA:233,12,1,4
BRDA:259,14,0,8
BRDA:259,14,1,20
BRDA:261,14,0,1
BRDA:261,14,1,7
BRDA:264,14,0,7
BRDA:264,14,1,1
BRDA:268,14,0,5
BRDA:268,14,1,3
BRDA:270,14,0,3
BRDA:270,14,1,5
BRDA:273,14,0,7
BRDA:273,14,1,1
BRDA:274,14,0,2
BRDA:274,14,1,5
BRDA:276,14,0,1
BRDA:276,14,1,4
BRDA:292,15,0,14
BRDA:292,15,1,35
BRDA:294,15,0,2
BRDA:294,15,1,12
BRDA:295,15,0,1
BRDA:295,15,1,1
BRDA:297,15,0,12
BRDA:297,15,1,2
BRDA:298,15,0,2
BRDA:298,15,1,12
BRDA:299,15,0,1
BRDA:299,15,1,1
BRDA:301,15,0,10
BRDA:301,15,1,4
BRDA:302,15,0,6
BRDA:302,15,1,8
BRDA:321,16,0,53
BRDA:321,16,1,3
BRDA:326,16,0,43
BRDA:326,16,1,13
BRDA:327,16,0,43
BRDA:327,16,1,42
BRDA:327,16,2,43
BRDA:327,16,3,13
BRDA:352,19,0,54
BRDA:352,19,1,599
BRDA:355,19,0,599
BRDA:355,19,1,54
BRDA:378,21,0,1
BRDA:378,21,1,7
BRDA:380,21,0,1
BRDA:380,21,1,7
BRDA:382,21,0,6
BRDA:382,21,1,2
BRDA:385,21,0,1
BRDA:385,21,1,5
BRDA:387,21,0,4
BRDA:387,21,1,2
BRDA:388,21,0,1
BRDA:388,21,1,5
BRDA:390,21,0,1
BRDA:390,21,1,4
BRDA:391,21,0,5
BRDA:391,21,1,1
BRDA:393,21,0,7
BRDA:393,21,1,1
BRDA:395,21,0,1
BRDA:395,21,1,6
BRDA:414,25,0,4
BRDA:414,25,1,57
BRDA:416,25,0,57
BRDA:416,25,1,4
BRDA:424,25,0,140
BRDA:425,25,0,61
BRDA:425,25,1,79
BRDA:427,25,0,1
BRDA:427,25,1,78
BRDA:432,25,0,55
BRDA:432,25,1,23
BRDA:436,25,0,15
BRDA:436,25,1,125
BRDA:440,25,0,4
BRDA:440,25,1,11
BRDA:441,25,0,3
BRDA:441,25,1,1
BRDA:442,25,0,2
BRDA:442,25,1,13
BRDA:447,25,0,8
BRDA:447,25,1,132
BRDA:449,25,0,1
BRDA:449,25,1,7
BRDA:451,25,0,57
BRDA:451,25,1,4
BRDA:453,25,0,39
BRDA:453,25,1,18
BRDA:456,25,0,22
BRDA:456,25,1,39
BRDA:462,25,0,18
BRDA:462,25,1,43
BRDA:430,26,0,34
BRDA:430,26,1,53
BRDA:478,28,0,34
BRDA:478,28,1,4
BRDA:496,31,0,36
BRDA:497,31,0,28
BRDA:497,31,1,8
BRDA:500,31,0,5
BRDA:500,31,1,31
BRDA:503,31,0,5
BRDA:503,31,1,31
BRDA:525,32,0,78
BRDA:525,32,1,100
BRDA:525,32,2,24
BRDA:527,32,0,27
BRDA:527,32,1,73
BRDA:533,32,0,67
BRDA:534,32,0,42
BRDA:534,32,1,25
BRDA:538,32,0,23
BRDA:538,32,1,44
BRDA:539,32,0,19
BRDA:539,32,1,4
BRDA:542,32,0,2
BRDA:542,32,1,21
BRDA:545,32,0,2
BRDA:545,32,1,21
BRDA:546,32,0,25
BRDA:546,32,1,42
BRDA:549,32,0,24
BRDA:549,32,1,76
BRDA:572,33,0,2
BRDA:572,33,1,2
BRDA:574,33,0,19
BRDA:574,33,1,2
BRDA:575,33,0,4
BRDA:575,33,1,17
BRDA:577,33,0,15
BRDA:577,33,1,6
BRDA:578,33,0,14
BRDA:578,33,1,7
BRDA:579,33,0,13
BRDA:579,33,1,8
BRDA:589,34,0,1
BRDA:589,34,1,9
BRDA:590,34,0,2
BRDA:590,34,1,8
BRDA:591,34,0,2
BRDA:591,34,1,7
BRDA:592,34,0,4
BRDA:592,34,1,3
BRDA:593,34,0,2
BRDA:593,34,1,2
BRDA:593,34,2,1
BRDA:605,35,0,5
BRDA:605,35,1,4
BRDA:605,35,2,5
BRDA:606,35,0,1
BRDA:606,35,1,4
BRDA:620,37,0,7
BRDA:620,37,1,20
BRDA:621,37,0,8
BRDA:621,37,1,19
BRDA:623,37,0,12
BRDA:623,37,1,15
BRDA:624,37,0,5
BRDA:624,37,1,22
BRDA:626,37,0,7
BRDA:626,37,1,20
BRDA:627,37,0,6
BRDA:627,37,1,21
BRDA:628,37,0,5
BRDA:628,37,1,1
BRDA:629,37,0,4
BRDA:629,37,1,2
BRDA:631,37,0,1
BRDA:631,37,1,26
BRDA:652,38,0,102
BRDA:667,40,0,16
BRDA:667,40,1,39
BRDA:669,40,0,16
BRDA:669,40,1,39
BRDA:723,42,0,50
BRDA:736,42,0,5
BRDA:736,42,1,45
BRDA:741,42,0,45
BRDA:741,42,1,5
BRDA:750,42,0,1
BRDA:750,42,1,49
BRDA:755,42,0,44
BRDA:755,42,1,6
BRDA:763,42,0,88
BRDA:767,42,0,58
BRDA:767,42,1,86
BRDA:767,42,2,30
BRDA:770,42,0,32
BRDA:770,42,1,54
BRDA:780,42,0,3
BRDA:780,42,1,29
BRDA:787,42,0,30
BRDA:787,42,1,56
BRDA:788,42,0,3
BRDA:788,42,1,83
BRDA:789,42,0,44
BRDA:789,42,1,6
BRDA:791,42,0,41
BRDA:791,42,1,9
BRDA:714,43,0,95
BRDA:714,43,1,95
BRDA:822,49,0,206
BRDA:826,49,0,1
BRDA:826,49,1,205
BRDA:828,49,0,205
BRDA:828,49,1,1
BRDA:837,49,0,2108
BRDA:840,49,0,96
BRDA:840,49,1,2012
BRDA:842,49,0,2012
BRDA:842,49,1,96
BRDA:845,49,0,205
BRDA:845,49,1,1
BRDA:849,49,0,2012
BRDA:851,49,0,1925
BRDA:851,49,1,87
BRDA:857,49,0,1
BRDA:857,49,1,86
BRDA:859,49,0,1
BRDA:859,49,1,85
BRDA:866,49,0,178
BRDA:866,49,1,1834
BRDA:868,49,0,3
BRDA:868,49,1,175
BRDA:870,49,0,175
BRDA:870,49,1,3
BRDA:873,49,0,85
BRDA:873,49,1,1927
BRDA:875,49,0,175
BRDA:875,49,1,1837
BRDA:881,49,0,85
BRDA:881,49,1,1927
BRDA:921,54,0,47
BRDA:923,54,0,1
BRDA:923,54,1,46
BRDA:927,54,0,46
BRDA:931,54,0,47
BRDA:932,54,0,14
BRDA:932,54,1,33
BRDA:936,54,0,34
BRDA:936,54,1,12
BRDA:938,54,0,16
BRDA:938,54,1,30
BRDA:945,54,0,2
BRDA:945,54,1,14
BRDA:952,54,0,12
BRDA:952,54,1,4
BRDA:953,54,0,2
BRDA:953,54,1,10
BRDA:957,54,0,8
BRDA:957,54,1,4
BRDA:958,54,0,2
BRDA:958,54,1,10
BRDA:961,54,0,14
BRDA:961,54,1,2
BRDA:962,54,0,2
BRDA:962,54,1,2
BRDA:969,54,0,14
BRDA:969,54,1,2
BRDA:970,54,0,2
BRDA:970,54,1,2
BRDA:977,54,0,14
BRDA:977,54,1,2
BRDA:981,54,0,7
BRDA:981,54,1,1
BRDA:983,54,0,13
BRDA:983,54,1,1
BRDA:985,54,0,7
BRDA:985,54,1,7
BRDA:986,54,0,13
BRDA:986,54,1,3
BRDA:987,54,0,11
BRDA:987,54,1,35
BRDA:988,54,0,22
BRDA:988,54,1,1
BRDA:1022,55,0,4
BRDA:1022,55,1,24
BRDA:1027,55,0,27
BRDA:1027,55,1,24
BRDA:1030,55,0,2
BRDA:1030,55,1,25
BRDA:1034,55,0,1
BRDA:1034,55,1,1
BRDA:1040,55,0,23
BRDA:1040,55,1,4
BRDA:1049,55,0,1
BRDA:1049,55,1,26
BRDA:1054,55,0,22
BRDA:1054,55,1,5
BRDA:1065,55,0,44
BRDA:1068,55,0,4
BRDA:1068,55,1,40
BRDA:1069,55,0,3
BRDA:1069,55,1,1
BRDA:1074,55,0,22
BRDA:1074,55,1,5
BRDA:1077,55,0,44
BRDA:1078,55,0,65
BRDA:1081,55,0,22
BRDA:1081,55,1,5
BRDA:1092,55,0,3
BRDA:1092,55,1,27
BRDA:1092,55,2,3
BRDA:1097,55,0,1
BRDA:1097,55,1,2
BRDA:1106,55,0,22
BRDA:1106,55,1,5
BRDA:1108,55,0,33
BRDA:1117,55,0,22
BRDA:1117,55,1,11
BRDA:1120,55,0,3
BRDA:1120,55,1,30
BRDA:1124,55,0,30
BRDA:1124,55,1,3
BRDA:1127,55,0,27
BRDA:1127,55,1,3
BRDA:1131,55,0,27
BRDA:1131,55,1,6
BRDA:1147,55,0,55
BRDA:1149,55,0,1
BRDA:1149,55,1,54
BRDA:1151,55,0,27
BRDA:1151,55,1,6
BRDA:1157,55,0,51
BRDA:1165,55,0,49
BRDA:1165,55,1,2
BRDA:1166,55,0,2
BRDA:1166,55,1,49
BRDA:1174,55,0,52
BRDA:1176,55,0,2
BRDA:1176,55,1,50
BRDA:1216,55,0,3
BRDA:1216,55,1,48
BRDA:1221,55,0,48
BRDA:1221,55,1,3
BRDA:1223,55,0,27
BRDA:1223,55,1,6
BRDA:1224,55,0,3
BRDA:1224,55,1,30
BRDA:1231,55,0,24
BRDA:1231,55,1,9
BRDA:1237,55,0,5
BRDA:1237,55,1,28
BRDA:1240,55,0,19
BRDA:1240,55,1,14
BRDA:1247,55,0,2
BRDA:1247,55,1,31
BRDA:1248,55,0,22
BRDA:1248,55,1,11
BRDA:1252,55,0,3
BRDA:1252,55,1,30
BRDA:1261,55,0,21
BRDA:1261,55,1,12
BRDA:1271,55,0,4
BRDA:1271,55,1,4
BRDA:1271,55,2,4
BRDA:1276,55,0,1
BRDA:1276,55,1,3
BRDA:1284,55,0,1
BRDA:1284,55,1,3
BRDA:1300,55,0,20
BRDA:1300,55,1,13
BRDA:1312,55,0,3
BRDA:1312,55,1,30
BRDA:1320,55,0,17
BRDA:1320,55,1,16
BRDA:1323,55,0,16
BRDA:1323,55,1,11
BRDA:1274,69,0,2
BRDA:1274,69,1,8
BRDA:1343,74,0,4
BRDA:1343,74,1,25
BRDA:1392,74,0,56
BRDA:1402,74,0,26
BRDA:1402,74,1,30
BRDA:1413,74,0,2
BRDA:1413,74,1,51
BRDA:1413,74,2,28
BRDA:1432,74,0,11
BRDA:1432,74,1,50
BRDA:1432,74,2,17
BRDA:1434,74,0,34
BRDA:1434,74,1,16
BRDA:1437,74,0,17
BRDA:1437,74,1,33
BRDA:1443,74,0,59
BRDA:1444,74,0,32
BRDA:1444,74,1,27
BRDA:1361,79,0,44
BRDA:1361,79,1,51
BRDA:1376,80,0,9
BRDA:1376,80,1,175
BRDA:1377,80,0,175
BRDA:1377,80,1,9
BRF:433
BRH:432
DA:47,2
DA:48,2
DA:49,2
DA:50,2
DA:51,2
DA:52,2
DA:53,2
DA:55,2
DA:56,2
DA:57,2
DA:58,2
DA:59,2
DA:60,2
DA:61,2
DA:62,2
DA:63,2
DA:64,2
DA:65,2
DA:66,2
DA:67,2
DA:68,2
DA:70,2
DA:71,2
DA:77,2
DA:85,2
DA:86,33
DA:87,33
DA:88,33
DA:90,2
DA:108,333
DA:109,333
DA:110,333
DA:111,333
DA:112,333
DA:113,333
DA:114,333
DA:115,333
DA:116,333
DA:117,333
DA:118,333
DA:119,333
DA:121,269
DA:122,269
DA:123,269
DA:124,269
DA:125,269
DA:126,269
DA:129,2
DA:130,101
DA:131,101
DA:139,2
DA:140,55
DA:141,55
DA:142,5
DA:143,55
DA:144,1
DA:145,1
DA:146,5
DA:147,55
DA:155,2
DA:156,2
DA:157,2
DA:158,2
DA:159,2
DA:161,6
DA:162,6
DA:163,6
DA:164,6
DA:165,1
DA:166,1
DA:168,5
DA:169,5
DA:170,5
DA:171,5
DA:172,5
DA:173,5
DA:175,6
DA:178,2
DA:179,56
DA:180,56
DA:181,72
DA:182,18
DA:183,18
DA:184,56
DA:185,56
DA:192,2
DA:193,106
DA:194,106
DA:195,183
DA:196,183
DA:197,10
DA:198,183
DA:199,55
DA:200,173
DA:201,13
DA:202,118
DA:203,105
DA:204,105
DA:205,183
DA:206,1
DA:207,106
DA:209,2
DA:215,2
DA:216,11
DA:217,11
DA:226,2
DA:227,13
DA:228,9
DA:229,9
DA:230,9
DA:231,0
DA:232,0
DA:233,0
DA:234,9
DA:235,9
DA:236,9
DA:237,4
DA:238,4
DA:239,4
DA:240,9
DA:241,9
DA:242,13
DA:254,2
DA:255,2
DA:256,2
DA:258,28
DA:259,28
DA:260,8
DA:261,8
DA:262,1
DA:263,1
DA:264,1
DA:265,7
DA:266,7
DA:267,8
DA:268,8
DA:269,5
DA:270,8
DA:271,3
DA:272,3
DA:273,8
DA:274,8
DA:275,8
DA:276,8
DA:278,8
DA:279,28
DA:280,28
DA:288,2
DA:289,49
DA:290,49
DA:291,49
DA:292,49
DA:293,14
DA:294,14
DA:295,2
DA:296,2
DA:297,2
DA:298,14
DA:299,2
DA:300,2
DA:301,2
DA:302,14
DA:303,14
DA:304,49
DA:305,49
DA:314,2
DA:315,2
DA:316,2
DA:317,2
DA:318,2
DA:319,2
DA:321,56
DA:322,56
DA:323,56
DA:326,56
DA:327,56
DA:328,56
DA:329,56
DA:330,56
DA:331,56
DA:332,56
DA:333,56
DA:334,56
DA:343,2
DA:344,114
DA:345,114
DA:346,114
DA:347,110
DA:348,114
DA:349,114
DA:350,653
DA:351,653
DA:352,653
DA:353,54
DA:354,54
DA:355,54
DA:356,599
DA:357,599
DA:358,653
DA:359,114
DA:360,114
DA:361,114
DA:364,2
DA:365,121
DA:366,121
DA:375,2
DA:376,8
DA:377,8
DA:378,8
DA:379,8
DA:380,8
DA:381,8
DA:382,8
DA:383,6
DA:384,6
DA:385,6
DA:386,5
DA:387,6
DA:388,6
DA:389,6
DA:390,6
DA:391,6
DA:392,5
DA:393,5
DA:395,8
DA:396,8
DA:397,8
DA:409,2
DA:410,61
DA:411,61
DA:412,61
DA:413,61
DA:414,61
DA:415,4
DA:416,4
DA:418,57
DA:419,57
DA:421,57
DA:422,57
DA:424,61
DA:425,140
DA:426,79
DA:427,140
DA:429,78
DA:430,78
DA:432,140
DA:434,23
DA:435,23
DA:436,140
DA:439,15
DA:440,15
DA:441,15
DA:442,15
DA:443,2
DA:444,2
DA:445,15
DA:446,15
DA:447,15
DA:448,8
DA:449,140
DA:450,7
DA:451,7
DA:453,61
DA:455,18
DA:456,61
DA:457,22
DA:458,22
DA:459,22
DA:460,22
DA:462,22
DA:463,18
DA:464,61
DA:471,2
DA:472,2
DA:473,2
DA:474,2
DA:476,30
DA:477,30
DA:478,30
DA:479,4
DA:480,4
DA:481,4
DA:482,30
DA:483,30
DA:485,88
DA:486,88
DA:487,88
DA:488,88
DA:490,88
DA:491,88
DA:494,2
DA:495,30
DA:496,30
DA:497,36
DA:498,28
DA:499,28
DA:500,36
DA:501,5
DA:502,5
DA:503,36
DA:504,5
DA:505,5
DA:506,36
DA:507,30
DA:508,30
DA:517,2
DA:518,2
DA:519,2
DA:520,2
DA:521,2
DA:522,2
DA:524,102
DA:525,102
DA:527,100
DA:528,27
DA:529,27
DA:530,27
DA:531,27
DA:533,27
DA:534,67
DA:535,67
DA:536,67
DA:537,67
DA:538,67
DA:539,23
DA:540,19
DA:541,19
DA:542,23
DA:543,2
DA:544,2
DA:545,23
DA:546,23
DA:547,25
DA:548,25
DA:549,27
DA:550,24
DA:551,102
DA:554,2
DA:555,2
DA:556,2
DA:557,2
DA:558,2
DA:559,2
DA:560,2
DA:561,2
DA:562,2
DA:568,2
DA:569,2
DA:570,2
DA:572,21
DA:573,2
DA:574,2
DA:575,21
DA:576,4
DA:577,4
DA:578,21
DA:579,21
DA:580,21
DA:581,21
DA:588,2
DA:589,10
DA:590,10
DA:591,10
DA:592,10
DA:593,10
DA:594,1
DA:595,10
DA:601,2
DA:602,2
DA:603,2
DA:605,9
DA:606,9
DA:607,9
DA:608,9
DA:619,2
DA:620,27
DA:621,27
DA:622,8
DA:623,8
DA:624,27
DA:625,5
DA:626,5
DA:627,27
DA:628,6
DA:629,6
DA:630,6
DA:631,6
DA:632,1
DA:633,27
DA:643,2
DA:644,2
DA:645,2
DA:646,2
DA:647,2
DA:648,2
DA:649,2
DA:651,50
DA:652,50
DA:653,102
DA:654,102
DA:655,102
DA:656,102
DA:657,102
DA:658,102
DA:659,102
DA:660,102
DA:663,102
DA:665,50
DA:666,55
DA:667,55
DA:668,39
DA:669,39
DA:670,16
DA:671,16
DA:673,50
DA:674,50
DA:700,2
DA:701,2
DA:702,2
DA:703,2
DA:704,2
DA:705,2
DA:706,2
DA:707,2
DA:711,46
DA:712,46
DA:713,190
DA:714,190
DA:715,95
DA:716,95
DA:717,95
DA:718,190
DA:719,46
DA:720,97
DA:722,46
DA:723,46
DA:724,50
DA:725,50
DA:727,50
DA:728,50
DA:729,50
DA:730,50
DA:731,50
DA:732,50
DA:733,50
DA:734,50
DA:736,50
DA:737,5
DA:738,5
DA:740,5
DA:741,5
DA:743,45
DA:744,45
DA:745,45
DA:746,45
DA:747,45
DA:748,45
DA:750,50
DA:751,1
DA:752,1
DA:754,1
DA:755,1
DA:756,44
DA:760,44
DA:762,44
DA:763,50
DA:764,88
DA:765,88
DA:766,88
DA:767,88
DA:768,30
DA:769,30
DA:770,86
DA:773,32
DA:774,32
DA:775,32
DA:776,32
DA:777,32
DA:778,32
DA:780,32
DA:781,3
DA:782,3
DA:783,3
DA:785,3
DA:786,3
DA:787,32
DA:788,86
DA:789,88
DA:791,50
DA:792,41
DA:793,41
DA:795,41
DA:796,41
DA:797,50
DA:798,46
DA:799,46
DA:815,2
DA:816,2
DA:817,2
DA:818,2
DA:820,100
DA:822,100
DA:823,206
DA:824,206
DA:825,206
DA:826,206
DA:827,1
DA:828,1
DA:830,206
DA:831,206
DA:832,206
DA:833,206
DA:834,206
DA:835,206
DA:837,206
DA:838,2108
DA:839,2108
DA:840,2108
DA:841,96
DA:842,2108
DA:843,2012
DA:844,2012
DA:845,2108
DA:846,205
DA:848,100
DA:849,100
DA:850,2012
DA:851,2012
DA:853,87
DA:854,88
DA:855,88
DA:856,87
DA:857,2012
DA:859,2012
DA:865,85
DA:866,2012
DA:867,178
DA:868,178
DA:869,3
DA:870,178
DA:871,175
DA:872,175
DA:873,178
DA:874,85
DA:875,2012
DA:878,175
DA:879,175
DA:881,175
DA:883,85
DA:884,85
DA:886,100
DA:887,100
DA:907,2
DA:908,2
DA:909,2
DA:910,2
DA:911,2
DA:912,2
DA:914,23
DA:917,23
DA:918,23
DA:920,23
DA:921,23
DA:922,47
DA:923,47
DA:924,46
DA:925,47
DA:927,23
DA:928,46
DA:930,46
DA:931,46
DA:932,47
DA:933,14
DA:934,14
DA:935,47
DA:936,46
DA:938,46
DA:939,16
DA:940,16
DA:941,16
DA:942,16
DA:943,16
DA:945,16
DA:947,14
DA:951,14
DA:952,16
DA:953,12
DA:954,10
DA:955,10
DA:956,10
DA:957,12
DA:958,12
DA:959,12
DA:960,12
DA:961,12
DA:962,16
DA:963,2
DA:964,2
DA:965,2
DA:966,2
DA:967,2
DA:968,2
DA:969,2
DA:970,16
DA:971,2
DA:972,2
DA:973,2
DA:974,2
DA:975,2
DA:976,2
DA:977,2
DA:979,14
DA:980,14
DA:981,14
DA:982,1
DA:983,1
DA:984,13
DA:985,14
DA:986,14
DA:987,13
DA:988,11
DA:990,22
DA:991,23
DA:998,2
DA:999,2
DA:1000,2
DA:1001,2
DA:1002,2
DA:1003,2
DA:1004,2
DA:1005,2
DA:1006,2
DA:1007,2
DA:1008,2
DA:1009,2
DA:1010,2
DA:1012,28
DA:1013,28
DA:1014,28
DA:1015,28
DA:1016,28
DA:1018,28
DA:1019,28
DA:1020,59
DA:1022,28
DA:1023,4
DA:1024,4
DA:1026,4
DA:1027,4
DA:1029,24
DA:1030,27
DA:1031,2
DA:1032,2
DA:1033,2
DA:1034,2
DA:1035,1
DA:1036,1
DA:1038,1
DA:1039,1
DA:1040,2
DA:1042,23
DA:1043,23
DA:1044,23
DA:1045,23
DA:1046,23
DA:1047,23
DA:1049,27
DA:1050,1
DA:1051,1
DA:1053,1
DA:1054,1
DA:1061,22
DA:1063,22
DA:1064,22
DA:1065,27
DA:1066,44
DA:1067,44
DA:1068,44
DA:1069,4
DA:1070,3
DA:1071,3
DA:1072,3
DA:1073,4
DA:1074,44
DA:1076,22
DA:1077,27
DA:1078,44
DA:1079,65
DA:1080,65
DA:1081,44
DA:1083,22
DA:1084,22
DA:1085,22
DA:1091,22
DA:1092,28
DA:1093,3
DA:1094,7
DA:1095,7
DA:1096,3
DA:1097,3
DA:1098,1
DA:1099,1
DA:1100,3
DA:1101,3
DA:1102,3
DA:1103,3
DA:1106,3
DA:1108,27
DA:1109,33
DA:1110,33
DA:1111,67
DA:1112,33
DA:1113,33
DA:1114,33
DA:1115,33
DA:1116,33
DA:1117,33
DA:1120,33
DA:1121,3
DA:1122,3
DA:1123,3
DA:1124,3
DA:1126,30
DA:1127,33
DA:1128,3
DA:1129,3
DA:1130,3
DA:1131,3
DA:1133,27
DA:1134,27
DA:1135,27
DA:1136,27
DA:1138,27
DA:1142,27
DA:1143,55
DA:1144,55
DA:1145,27
DA:1146,27
DA:1147,33
DA:1148,55
DA:1149,55
DA:1150,54
DA:1151,55
DA:1153,27
DA:1154,27
DA:1155,27
DA:1157,33
DA:1158,51
DA:1159,51
DA:1160,51
DA:1161,51
DA:1162,51
DA:1163,51
DA:1165,51
DA:1166,51
DA:1167,51
DA:1169,51
DA:1171,51
DA:1172,51
DA:1174,51
DA:1175,52
DA:1176,52
DA:1179,2
DA:1180,2
DA:1181,2
DA:1183,2
DA:1184,52
DA:1185,52
DA:1186,52
DA:1188,52
DA:1189,52
DA:1190,52
DA:1191,52
DA:1192,52
DA:1194,52
DA:1195,52
DA:1196,52
DA:1197,52
DA:1198,52
DA:1199,52
DA:1200,52
DA:1201,52
DA:1202,52
DA:1204,51
DA:1205,51
DA:1206,51
DA:1207,51
DA:1208,51
DA:1209,51
DA:1210,51
DA:1211,51
DA:1214,51
DA:1215,51
DA:1216,51
DA:1217,3
DA:1218,3
DA:1219,3
DA:1220,3
DA:1221,3
DA:1222,48
DA:1223,48
DA:1224,33
DA:1225,3
DA:1226,3
DA:1227,3
DA:1228,3
DA:1230,3
DA:1231,3
DA:1233,24
DA:1234,24
DA:1235,24
DA:1237,33
DA:1238,33
DA:1239,33
DA:1240,33
DA:1241,33
DA:1242,33
DA:1243,33
DA:1244,33
DA:1245,33
DA:1247,33
DA:1248,33
DA:1249,33
DA:1250,33
DA:1251,33
DA:1252,33
DA:1253,3
DA:1254,3
DA:1255,3
DA:1256,3
DA:1257,3
DA:1258,3
DA:1260,3
DA:1261,3
DA:1271,33
DA:1272,4
DA:1273,10
DA:1274,10
DA:1275,4
DA:1276,4
DA:1277,1
DA:1278,1
DA:1279,4
DA:1280,4
DA:1281,4
DA:1282,4
DA:1284,4
DA:1285,1
DA:1286,1
DA:1287,1
DA:1288,1
DA:1289,1
DA:1290,1
DA:1291,1
DA:1292,1
DA:1293,1
DA:1294,1
DA:1295,1
DA:1296,1
DA:1298,1
DA:1299,1
DA:1300,4
DA:1302,20
DA:1303,20
DA:1304,20
DA:1305,20
DA:1306,20
DA:1307,20
DA:1308,20
DA:1309,20
DA:1310,20
DA:1312,33
DA:1313,3
DA:1314,3
DA:1315,3
DA:1316,3
DA:1318,3
DA:1319,3
DA:1320,3
DA:1322,17
DA:1323,17
DA:1325,16
DA:1326,28
DA:1335,2
DA:1336,2
DA:1337,2
DA:1339,30
DA:1340,30
DA:1341,30
DA:1343,29
DA:1344,29
DA:1348,29
DA:1350,59
DA:1351,29
DA:1352,59
DA:1353,29
DA:1354,29
DA:1355,29
DA:1358,29
DA:1359,29
DA:1360,95
DA:1361,95
DA:1362,44
DA:1363,44
DA:1364,44
DA:1365,95
DA:1366,29
DA:1372,29
DA:1373,184
DA:1374,184
DA:1375,184
DA:1376,184
DA:1377,184
DA:1378,175
DA:1379,29
DA:1381,29
DA:1383,29
DA:1384,29
DA:1385,29
DA:1386,29
DA:1392,29
DA:1393,56
DA:1394,56
DA:1395,117
DA:1397,56
DA:1398,56
DA:1399,56
DA:1400,56
DA:1401,56
DA:1402,56
DA:1404,30
DA:1405,30
DA:1406,30
DA:1407,30
DA:1408,30
DA:1409,30
DA:1410,30
DA:1411,30
DA:1413,56
DA:1415,28
DA:1416,28
DA:1418,28
DA:1419,28
DA:1420,28
DA:1421,28
DA:1422,28
DA:1423,28
DA:1424,28
DA:1425,28
DA:1426,28
DA:1427,28
DA:1428,28
DA:1429,28
DA:1430,28
DA:1432,51
DA:1434,50
DA:1435,34
DA:1436,34
DA:1437,34
DA:1438,17
DA:1439,17
DA:1440,17
DA:1442,56
DA:1443,29
DA:1444,59
DA:1445,59
DA:1447,29
DA:1448,29
DA:1449,29
DA:1450,29
DA:1451,29
DA:1452,29
DA:1453,30
DA:1454,30
LH:971
LF:974
end_of_record
SF:/tmp/opencode/dripbird-f4/src/refactors/duplicate_extractor_placement.ts
FN:29,toPosix
FN:38,commonAncestorDir
FN:62,relativeSpecifier
FN:84,pickSharedDir
FN:114,checkImportMovable
FN:133,parseSource
FN:147,collectUsedImportBindings
FN:161,visitIdentifier
FN:185,moduleReaches
FNDA:388,toPosix
FNDA:50,commonAncestorDir
FNDA:102,relativeSpecifier
FNDA:49,pickSharedDir
FNDA:53,checkImportMovable
FNDA:12,parseSource
FNDA:137,collectUsedImportBindings
FNDA:691,visitIdentifier
FNDA:8,moduleReaches
FNF:9
FNH:9
BRDA:39,2,0,1
BRDA:39,2,1,49
BRDA:52,2,0,1
BRDA:52,2,1,49
BRDA:47,4,0,103
BRDA:47,4,1,103
BRDA:47,4,2,101
BRDA:70,5,0,252
BRDA:70,5,1,223
BRDA:70,5,2,218
BRDA:74,5,0,68
BRDA:74,5,1,34
BRDA:89,6,0,1
BRDA:89,6,1,48
BRDA:90,6,0,55
BRDA:91,6,0,47
BRDA:91,6,1,8
BRDA:92,6,0,2
BRDA:92,6,1,47
BRDA:121,7,0,2
BRDA:121,7,1,2
BRDA:123,7,0,51
BRDA:123,7,1,2
BRDA:125,7,0,151
BRDA:126,7,0,45
BRDA:126,7,1,106
BRDA:129,7,0,6
BRDA:129,7,1,47
BRDA:152,9,0,60
BRDA:152,9,1,77
BRDA:153,9,0,46
BRDA:153,9,1,14
BRDA:154,9,0,9
BRDA:154,9,1,51
BRDA:155,9,0,9
BRDA:155,9,1,51
BRDA:159,9,0,279
BRDA:164,10,0,128
BRDA:164,10,1,563
BRDA:167,10,0,563
BRDA:167,10,1,128
BRDA:168,10,0,53
BRDA:168,10,1,563
BRDA:191,11,0,1
BRDA:191,11,1,7
BRDA:198,11,0,12
BRDA:198,11,1,12
BRDA:204,11,0,1
BRDA:204,11,1,11
BRDA:206,11,0,11
BRDA:206,11,1,1
BRDA:210,11,0,9
BRDA:210,11,1,3
BRDA:211,11,0,18
BRDA:213,11,0,1
BRDA:213,11,1,17
BRDA:215,11,0,9
BRDA:215,11,1,8
BRDA:216,11,0,3
BRDA:216,11,1,5
BRDA:220,11,0,6
BRDA:220,11,1,3
BRDA:221,11,0,8
BRDA:221,11,1,4
BRDA:222,11,0,4
BRDA:222,11,1,4
BRF:66
BRH:66
DA:21,3
DA:22,3
DA:23,3
DA:24,3
DA:25,3
DA:26,3
DA:27,3
DA:29,388
DA:30,388
DA:31,388
DA:38,3
DA:39,50
DA:40,49
DA:45,49
DA:46,50
DA:47,50
DA:48,101
DA:49,101
DA:50,50
DA:51,49
DA:52,50
DA:53,50
DA:62,3
DA:63,102
DA:64,102
DA:65,102
DA:66,102
DA:67,102
DA:69,102
DA:70,102
DA:71,218
DA:72,218
DA:73,102
DA:74,102
DA:75,102
DA:76,102
DA:84,3
DA:85,3
DA:86,3
DA:87,3
DA:89,49
DA:90,49
DA:91,55
DA:92,55
DA:93,2
DA:94,49
DA:114,3
DA:115,3
DA:116,3
DA:117,3
DA:118,3
DA:120,53
DA:121,53
DA:122,2
DA:123,2
DA:125,53
DA:126,151
DA:127,45
DA:128,45
DA:129,151
DA:130,6
DA:131,53
DA:133,12
DA:134,12
DA:135,12
DA:136,12
DA:137,12
DA:138,12
DA:147,3
DA:148,3
DA:149,3
DA:151,137
DA:152,137
DA:153,60
DA:154,60
DA:155,60
DA:156,60
DA:158,137
DA:159,137
DA:160,279
DA:161,279
DA:162,691
DA:163,691
DA:164,691
DA:165,128
DA:166,128
DA:167,128
DA:168,691
DA:169,563
DA:170,691
DA:171,279
DA:172,279
DA:173,137
DA:174,137
DA:177,3
DA:185,3
DA:186,3
DA:187,3
DA:188,3
DA:189,3
DA:191,8
DA:193,7
DA:194,7
DA:195,7
DA:196,7
DA:198,8
DA:199,12
DA:201,12
DA:202,12
DA:203,12
DA:204,12
DA:205,1
DA:206,1
DA:208,11
DA:210,12
DA:211,9
DA:212,18
DA:213,18
DA:214,17
DA:215,18
DA:216,18
DA:217,5
DA:218,5
DA:219,5
DA:220,5
DA:221,6
DA:222,8
DA:223,4
DA:224,8
LH:129
LF:129
end_of_record
SF:/tmp/opencode/dripbird-f4/src/refactors/function_matcher.ts
FN:74,parseSource
FN:77,parse
FN:87,cloneDeep
FN:102,isPropertyContext
FN:139,normalizeStatements
FN:146,visitIdentifier
FN:167,normalizeExpression
FN:173,visitIdentifier
FN:192,getParamNames
FN:208,paramIdentifier
FN:221,paramTypeName
FN:241,collectInstanceRefs
FN:275,usesThis
FN:279,visitThisExpression
FN:289,collectFunctions
FN:293,visitFunctionDeclaration
FN:374,visitClassMethod
FN:480,visitFunctionExpression
FN:483,visitArrowFunctionExpression
FN:499,collectExternalFunctions
FN:552,collectSequences
FN:559,processBody
FN:610,visitFunctionDeclaration
FN:624,visitClassMethod
FN:642,visitFunctionExpression
FN:645,visitArrowFunctionExpression
FN:653,overlapsRange
FN:682,resolveCallName
FN:705,findBodyMatches
FN:745,findExpressionMatches
FN:767,checkStatement
FN:826,visitFunctionDeclaration
FN:846,visitClassMethod
FN:870,visitFunctionExpression
FN:873,visitArrowFunctionExpression
FN:881,applyTextEdit
FN:896,getIndent
FN:900,buildCallFromMapping
FN:930,buildAssignmentCall
FN:985,createFunctionMatcher
FNDA:240,parseSource
FNDA:240,parse
FNDA:114813,cloneDeep
FNDA:7416,isPropertyContext
FNDA:1580,normalizeStatements
FNDA:7114,visitIdentifier
FNDA:199,normalizeExpression
FNDA:304,visitIdentifier
FNDA:232,getParamNames
FNDA:675,paramIdentifier
FNDA:675,paramTypeName
FNDA:1446,collectInstanceRefs
FNDA:232,usesThis
FNDA:7,visitThisExpression
FNDA:135,collectFunctions
FNDA:189,visitFunctionDeclaration
FNDA:58,visitClassMethod
FNDA:3,visitFunctionExpression
FNDA:4,visitArrowFunctionExpression
FNDA:122,collectExternalFunctions
FNDA:119,collectSequences
FNDA:223,processBody
FNDA:176,visitFunctionDeclaration
FNDA:54,visitClassMethod
FNDA:3,visitFunctionExpression
FNDA:4,visitArrowFunctionExpression
FNDA:1446,overlapsRange
FNDA:97,resolveCallName
FNDA:119,findBodyMatches
FNDA:119,findExpressionMatches
FNDA:132,checkStatement
FNDA:93,visitFunctionDeclaration
FNDA:24,visitClassMethod
FNDA:1,visitFunctionExpression
FNDA:2,visitArrowFunctionExpression
FNDA:99,applyTextEdit
FNDA:40,getIndent
FNDA:34,buildCallFromMapping
FNDA:42,buildAssignmentCall
FNDA:128,createFunctionMatcher
FNF:40
FNH:40
BRDA:88,3,0,102617
BRDA:88,3,1,12209
BRDA:88,3,2,102604
BRDA:89,3,0,64484
BRDA:89,3,1,38120
BRDA:90,3,0,6290
BRDA:90,3,1,31830
BRDA:92,3,0,181910
BRDA:94,3,0,155605
BRDA:94,3,1,129300
BRDA:94,3,2,102995
BRDA:95,3,0,102995
BRDA:95,3,1,78915
BRDA:96,3,0,78915
BRDA:96,3,1,102995
BRDA:98,3,0,31830
BRDA:98,3,1,82983
BRDA:104,4,0,1475
BRDA:104,4,1,5941
BRDA:105,4,0,773
BRDA:105,4,1,6643
BRDA:107,4,0,773
BRDA:107,4,1,6643
BRDA:109,4,0,50
BRDA:109,4,1,7366
BRDA:110,4,0,29
BRDA:110,4,1,7387
BRDA:111,4,0,29
BRDA:111,4,1,7387
BRDA:113,4,0,16
BRDA:113,4,1,6627
BRDA:115,4,0,7
BRDA:115,4,1,7409
BRDA:116,4,0,7
BRDA:116,4,1,7409
BRDA:118,4,0,7
BRDA:118,4,1,7403
BRDA:118,4,2,6620
BRDA:120,4,0,6613
BRDA:120,4,1,790
BRDA:121,4,0,6613
BRDA:121,4,1,803
BRDA:122,4,0,6613
BRDA:122,4,1,803
BRDA:123,4,0,7
BRDA:123,4,1,7409
BRDA:124,4,0,7
BRDA:124,4,1,7409
BRDA:126,4,0,7
BRDA:126,4,1,6613
BRDA:128,4,0,7
BRDA:128,4,1,7409
BRDA:130,4,0,7
BRDA:130,4,1,6606
BRDA:144,5,0,5916
BRDA:149,6,0,714
BRDA:149,6,1,6400
BRDA:152,6,0,6400
BRDA:152,6,1,714
BRDA:154,6,0,6052
BRDA:154,6,1,1062
BRDA:156,6,0,6400
BRDA:156,6,1,714
BRDA:174,9,0,302
BRDA:174,9,1,2
BRDA:176,9,0,302
BRDA:176,9,1,96
BRDA:179,9,0,208
BRDA:179,9,1,96
BRDA:181,9,0,204
BRDA:181,9,1,100
BRDA:183,9,0,208
BRDA:183,9,1,96
BRDA:195,11,0,123
BRDA:195,11,1,5
BRDA:196,11,0,2
BRDA:196,11,1,121
BRDA:197,11,0,1
BRDA:197,11,1,1
BRDA:198,11,0,3
BRDA:198,11,1,120
BRDA:199,11,0,2
BRDA:199,11,1,121
BRDA:200,11,0,1
BRDA:200,11,1,1
BRDA:201,11,0,1
BRDA:201,11,1,122
BRDA:209,13,0,665
BRDA:209,13,1,269
BRDA:209,13,2,10
BRDA:210,13,0,4
BRDA:210,13,1,269
BRDA:210,13,2,2
BRDA:212,13,0,8
BRDA:212,13,1,261
BRDA:223,14,0,4
BRDA:223,14,1,671
BRDA:224,14,0,8
BRDA:224,14,1,667
BRDA:225,14,0,414
BRDA:225,14,1,261
BRDA:227,14,0,414
BRDA:227,14,1,10
BRDA:229,14,0,10
BRDA:229,14,1,665
BRDA:231,14,0,657
BRDA:231,14,1,18
BRDA:248,15,0,675
BRDA:248,15,1,771
BRDA:251,15,0,667
BRDA:251,15,1,10
BRDA:251,15,2,10
BRDA:256,15,0,13734
BRDA:257,15,0,1316
BRDA:257,15,1,12418
BRDA:259,15,0,15
BRDA:259,15,1,12403
BRDA:261,15,0,12393
BRDA:261,15,1,12347
BRDA:261,15,2,56
BRDA:262,15,0,466
BRDA:262,15,1,15
BRDA:262,15,2,41
BRDA:264,15,0,29
BRDA:264,15,1,12
BRDA:277,16,0,455
BRDA:284,16,0,7
BRDA:284,16,1,448
BRDA:285,16,0,225
BRDA:285,16,1,7
BRDA:295,19,0,2
BRDA:295,19,1,187
BRDA:298,19,0,187
BRDA:298,19,1,2
BRDA:299,19,0,186
BRDA:299,19,1,1
BRDA:302,19,0,186
BRDA:302,19,1,3
BRDA:303,19,0,186
BRDA:303,19,1,3
BRDA:306,19,0,183
BRDA:306,19,1,6
BRDA:327,19,0,104
BRDA:327,19,1,85
BRDA:328,19,0,49
BRDA:328,19,1,140
BRDA:330,19,0,49
BRDA:330,19,1,140
BRDA:338,19,0,55
BRDA:339,19,0,40
BRDA:339,19,1,15
BRDA:344,19,0,183
BRDA:344,19,1,6
BRDA:355,19,0,174
BRDA:355,19,1,15
BRDA:358,19,0,9
BRDA:358,19,1,180
BRDA:376,20,0,1
BRDA:376,20,1,57
BRDA:379,20,0,57
BRDA:379,20,1,1
BRDA:382,20,0,56
BRDA:382,20,1,1
BRDA:385,20,0,56
BRDA:385,20,1,2
BRDA:386,20,0,55
BRDA:386,20,1,1
BRDA:389,20,0,55
BRDA:389,20,1,3
BRDA:390,20,0,55
BRDA:390,20,1,1
BRDA:393,20,0,54
BRDA:393,20,1,4
BRDA:394,20,0,2
BRDA:394,20,1,56
BRDA:397,20,0,52
BRDA:397,20,1,6
BRDA:400,20,0,1
BRDA:400,20,1,57
BRDA:403,20,0,51
BRDA:403,20,1,7
BRDA:405,20,0,51
BRDA:405,20,1,49
BRDA:406,20,0,2
BRDA:406,20,1,56
BRDA:409,20,0,49
BRDA:409,20,1,9
BRDA:416,20,0,13
BRDA:416,20,1,36
BRDA:437,20,0,29
BRDA:437,20,1,29
BRDA:438,20,0,21
BRDA:438,20,1,37
BRDA:440,20,0,21
BRDA:440,20,1,37
BRDA:448,20,0,17
BRDA:448,20,1,4
BRDA:449,20,0,15
BRDA:449,20,1,2
BRDA:454,20,0,49
BRDA:454,20,1,9
BRDA:458,20,0,13
BRDA:458,20,1,36
BRDA:504,23,0,34
BRDA:504,23,1,88
BRDA:505,23,0,34
BRDA:505,23,1,88
BRDA:506,23,0,22
BRDA:506,23,1,100
BRDA:506,23,2,22
BRDA:509,23,0,15
BRDA:509,23,1,107
BRDA:515,23,0,1
BRDA:515,23,1,14
BRDA:520,23,0,14
BRDA:520,23,1,1
BRDA:525,23,0,1
BRDA:525,23,1,14
BRDA:530,23,0,13
BRDA:530,23,1,2
BRDA:542,23,0,12
BRDA:542,23,1,3
BRDA:546,23,0,13
BRDA:546,23,1,2
BRDA:548,23,0,22
BRDA:548,23,1,100
BRDA:566,25,0,435
BRDA:567,25,0,1
BRDA:567,25,1,434
BRDA:575,25,0,434
BRDA:580,25,0,1314
BRDA:612,27,0,2
BRDA:612,27,1,174
BRDA:615,27,0,174
BRDA:615,27,1,2
BRDA:627,28,0,52
BRDA:627,28,1,2
BRDA:629,28,0,52
BRDA:629,28,1,2
BRDA:630,28,0,52
BRDA:630,28,1,5
BRDA:633,28,0,49
BRDA:633,28,1,5
BRDA:659,32,0,1382
BRDA:659,32,1,64
BRDA:691,33,0,77
BRDA:691,33,1,95
BRDA:691,33,2,20
BRDA:693,33,0,17
BRDA:693,33,1,11
BRDA:693,33,2,10
BRDA:695,33,0,95
BRDA:695,33,1,5
BRDA:697,33,0,15
BRDA:697,33,1,80
BRDA:698,33,0,2
BRDA:698,33,1,13
BRDA:700,33,0,7
BRDA:700,33,1,6
BRDA:711,34,0,227
BRDA:713,34,0,33
BRDA:713,34,1,194
BRDA:715,34,0,194
BRDA:715,34,1,33
BRDA:723,34,0,1314
BRDA:724,34,0,221
BRDA:724,34,1,1093
BRDA:727,34,0,948
BRDA:727,34,1,474
BRDA:727,34,2,145
BRDA:729,34,0,177
BRDA:729,34,1,297
BRDA:733,34,0,169
BRDA:733,34,1,124
BRDA:733,34,2,53
BRDA:736,34,0,7
BRDA:736,34,1,46
BRDA:739,34,0,145
BRDA:739,34,1,1169
BRDA:753,35,0,227
BRDA:754,35,0,70
BRDA:754,35,1,157
BRDA:757,35,0,57
BRDA:757,35,1,13
BRDA:763,35,0,62
BRDA:763,35,1,57
BRDA:776,36,0,131
BRDA:776,36,1,60
BRDA:776,36,2,72
BRDA:779,36,0,9
BRDA:779,36,1,63
BRDA:785,36,0,8
BRDA:785,36,1,124
BRDA:786,36,0,4
BRDA:786,36,1,128
BRDA:788,36,0,4
BRDA:788,36,1,128
BRDA:791,36,0,131
BRDA:791,36,1,59
BRDA:792,36,0,47
BRDA:792,36,1,12
BRDA:794,36,0,47
BRDA:794,36,1,12
BRDA:796,36,0,45
BRDA:796,36,1,2
BRDA:800,36,0,63
BRDA:800,36,1,68
BRDA:802,36,0,49
BRDA:802,36,1,14
BRDA:802,36,2,49
BRDA:806,36,0,5
BRDA:806,36,1,44
BRDA:809,36,0,2
BRDA:809,36,1,42
BRDA:828,37,0,1
BRDA:828,37,1,92
BRDA:831,37,0,92
BRDA:831,37,1,1
BRDA:832,37,0,109
BRDA:843,37,0,92
BRDA:843,37,1,1
BRDA:849,38,0,23
BRDA:849,38,1,1
BRDA:851,38,0,23
BRDA:851,38,1,1
BRDA:852,38,0,23
BRDA:852,38,1,2
BRDA:855,38,0,22
BRDA:855,38,1,2
BRDA:856,38,0,23
BRDA:856,38,1,1
BRDA:867,38,0,22
BRDA:867,38,1,2
BRDA:891,42,0,99
BRDA:891,42,1,91
BRDA:910,44,0,51
BRDA:915,44,0,40
BRDA:917,44,0,6
BRDA:917,44,1,34
BRDA:919,44,0,28
BRDA:919,44,1,6
BRDA:924,44,0,16
BRDA:924,44,1,18
BRDA:926,44,0,12
BRDA:926,44,1,22
BRDA:940,45,0,4
BRDA:940,45,1,38
BRDA:942,45,0,4
BRDA:942,45,1,38
BRDA:943,45,0,2
BRDA:943,45,1,2
BRDA:946,45,0,3
BRDA:946,45,1,1
BRDA:947,45,0,38
BRDA:947,45,1,4
BRDA:953,45,0,37
BRDA:953,45,1,1
BRDA:956,45,0,2
BRDA:956,45,1,40
BRDA:961,45,0,2
BRDA:961,45,1,40
BRDA:962,45,0,38
BRDA:962,45,1,4
BRDA:967,45,0,41
BRDA:967,45,1,1
BRDA:969,45,0,40
BRDA:969,45,1,2
BRDA:974,45,0,2
BRDA:974,45,1,40
BRDA:976,45,0,38
BRDA:976,45,1,4
BRDA:979,45,0,36
BRDA:979,45,1,6
BRDA:981,45,0,2
BRDA:981,45,1,40
BRDA:994,47,0,34
BRDA:994,47,1,98
BRDA:999,47,0,5
BRDA:999,47,1,122
BRDA:1001,47,0,122
BRDA:1001,47,1,5
BRDA:1012,47,0,3
BRDA:1012,47,1,124
BRDA:1015,47,0,119
BRDA:1015,47,1,8
BRDA:1035,47,0,46
BRDA:1035,47,1,81
BRDA:1037,47,0,119
BRDA:1037,47,1,8
BRDA:1046,47,0,75
BRDA:1046,47,1,34
BRDA:1053,47,0,85
BRDA:1053,47,1,42
BRDA:1068,47,0,46
BRDA:1068,47,1,81
BRDA:1070,47,0,12
BRDA:1070,47,1,34
BRDA:1074,47,0,6
BRDA:1074,47,1,6
BRDA:1076,47,0,6
BRDA:1076,47,1,6
BRDA:1081,47,0,34
BRDA:1081,47,1,12
BRDA:1084,47,0,16
BRDA:1084,47,1,18
BRDA:1102,47,0,85
BRDA:1102,47,1,42
BRDA:1104,47,0,42
BRDA:1104,47,1,85
BRDA:1114,47,0,123
BRDA:1114,47,1,85
BRDA:1122,47,0,88
BRDA:1122,47,1,35
BRDA:1126,47,0,2
BRDA:1126,47,1,86
BRDA:1130,47,0,9
BRDA:1130,47,1,79
BRDA:1131,47,0,77
BRDA:1131,47,1,11
BRDA:1135,47,0,9
BRDA:1135,47,1,79
BRDA:1136,47,0,77
BRDA:1136,47,1,11
BRDA:1140,47,0,86
BRDA:1140,47,1,2
BRDA:1142,47,0,76
BRDA:1142,47,1,10
BRDA:1149,47,0,86
BRDA:1149,47,1,2
BRDA:1151,47,0,87
BRDA:1151,47,1,3
BRDA:1156,47,0,83
BRDA:1156,47,1,4
BRDA:1162,47,0,99
BRDA:1164,47,0,83
BRDA:1164,47,1,73
BRDA:1166,47,0,26
BRDA:1166,47,1,73
BRDA:1172,47,0,10
BRDA:1172,47,1,16
BRDA:1187,47,0,14
BRDA:1187,47,1,85
BRDA:1190,47,0,14
BRDA:1190,47,1,85
BRDA:1199,47,0,85
BRDA:1199,47,1,14
BRDA:1206,47,0,9
BRDA:1206,47,1,90
BRDA:1214,47,0,76
BRDA:1214,47,1,23
BRDA:1219,47,0,83
BRDA:1219,47,1,5
BRDA:1221,47,0,7
BRDA:1221,47,1,76
BRDA:1227,47,0,85
BRDA:1227,47,1,42
BRDA:1229,47,0,122
BRDA:1229,47,1,10
BRDA:1231,47,0,75
BRDA:1231,47,1,47
BRF:460
BRH:460
DA:2,2
DA:3,2
DA:8,2
DA:9,2
DA:10,2
DA:11,2
DA:12,2
DA:13,2
DA:74,240
DA:75,240
DA:76,240
DA:77,240
DA:78,240
DA:79,240
DA:80,240
DA:81,240
DA:82,240
DA:83,240
DA:84,240
DA:85,240
DA:87,114813
DA:88,114813
DA:89,114813
DA:90,114813
DA:91,31830
DA:92,114813
DA:93,181910
DA:94,181910
DA:95,181910
DA:96,181910
DA:97,102995
DA:98,102995
DA:99,31830
DA:100,114813
DA:102,7416
DA:103,7416
DA:104,7416
DA:105,7416
DA:106,7416
DA:107,7416
DA:108,7416
DA:109,7416
DA:110,7416
DA:111,7416
DA:112,7416
DA:113,7416
DA:114,7416
DA:115,7416
DA:116,7416
DA:117,7416
DA:118,7416
DA:119,7416
DA:120,7416
DA:121,7416
DA:122,7416
DA:123,7416
DA:124,7416
DA:125,7416
DA:126,7416
DA:127,7416
DA:128,7416
DA:129,7416
DA:130,7416
DA:131,6606
DA:132,7416
DA:139,1580
DA:140,1580
DA:141,1580
DA:142,1580
DA:144,1580
DA:145,5916
DA:146,5916
DA:147,7114
DA:148,7114
DA:149,7114
DA:150,714
DA:151,714
DA:152,714
DA:153,6400
DA:154,7114
DA:155,6052
DA:156,6052
DA:157,6400
DA:158,6400
DA:159,7114
DA:160,5916
DA:161,5916
DA:163,1580
DA:164,1580
DA:165,1580
DA:167,199
DA:168,199
DA:169,199
DA:170,199
DA:172,199
DA:173,199
DA:174,304
DA:175,304
DA:176,304
DA:177,96
DA:178,96
DA:179,96
DA:180,208
DA:181,304
DA:182,204
DA:183,204
DA:184,208
DA:185,208
DA:186,304
DA:187,199
DA:189,199
DA:190,199
DA:192,232
DA:193,232
DA:194,232
DA:195,128
DA:196,123
DA:197,2
DA:198,2
DA:199,123
DA:200,2
DA:201,2
DA:202,1
DA:203,232
DA:204,232
DA:205,232
DA:208,2
DA:209,675
DA:210,675
DA:211,2
DA:212,2
DA:213,8
DA:214,675
DA:221,2
DA:222,675
DA:223,675
DA:224,675
DA:225,675
DA:226,675
DA:227,675
DA:228,675
DA:229,675
DA:230,10
DA:231,10
DA:232,657
DA:233,675
DA:241,2
DA:242,2
DA:243,2
DA:244,2
DA:246,1446
DA:248,1446
DA:249,675
DA:250,675
DA:251,675
DA:252,10
DA:253,10
DA:254,675
DA:256,1446
DA:257,13734
DA:258,12418
DA:259,12418
DA:260,12403
DA:261,12418
DA:262,12418
DA:263,41
DA:264,466
DA:265,12
DA:266,12
DA:267,12
DA:268,12418
DA:269,12418
DA:271,1446
DA:272,1446
DA:275,2
DA:276,232
DA:277,232
DA:278,455
DA:279,455
DA:280,7
DA:281,7
DA:282,7
DA:283,455
DA:284,455
DA:285,455
DA:286,225
DA:287,232
DA:289,135
DA:290,135
DA:292,135
DA:293,135
DA:294,189
DA:295,189
DA:296,2
DA:297,2
DA:298,2
DA:299,189
DA:300,1
DA:301,1
DA:302,1
DA:303,189
DA:304,3
DA:305,3
DA:306,3
DA:308,183
DA:309,183
DA:311,183
DA:312,183
DA:313,183
DA:314,183
DA:316,183
DA:318,183
DA:319,183
DA:322,183
DA:323,183
DA:324,183
DA:326,189
DA:327,189
DA:328,189
DA:329,189
DA:330,189
DA:331,49
DA:332,49
DA:333,49
DA:334,49
DA:336,49
DA:337,49
DA:338,49
DA:339,55
DA:340,40
DA:341,40
DA:342,55
DA:343,49
DA:344,49
DA:346,183
DA:347,183
DA:348,183
DA:349,183
DA:350,183
DA:351,183
DA:352,183
DA:355,189
DA:356,189
DA:357,189
DA:358,189
DA:359,189
DA:360,189
DA:361,189
DA:362,189
DA:363,189
DA:364,189
DA:365,189
DA:366,189
DA:367,189
DA:368,189
DA:369,189
DA:371,189
DA:372,135
DA:374,135
DA:375,58
DA:376,58
DA:377,1
DA:378,1
DA:379,1
DA:382,58
DA:383,1
DA:384,1
DA:385,1
DA:386,58
DA:387,1
DA:388,1
DA:389,1
DA:390,58
DA:391,1
DA:392,1
DA:393,1
DA:394,58
DA:395,2
DA:396,2
DA:397,2
DA:398,52
DA:399,58
DA:400,58
DA:401,1
DA:402,1
DA:403,1
DA:404,58
DA:405,58
DA:406,58
DA:407,2
DA:408,2
DA:409,2
DA:410,49
DA:411,49
DA:416,58
DA:418,58
DA:419,58
DA:421,58
DA:422,58
DA:423,58
DA:424,58
DA:426,58
DA:428,58
DA:429,58
DA:432,58
DA:433,58
DA:434,58
DA:436,58
DA:437,58
DA:438,58
DA:439,58
DA:440,58
DA:441,21
DA:442,21
DA:443,21
DA:444,21
DA:446,21
DA:447,21
DA:448,21
DA:449,17
DA:450,15
DA:451,15
DA:452,17
DA:453,21
DA:454,21
DA:456,49
DA:457,49
DA:458,58
DA:459,58
DA:460,58
DA:461,58
DA:462,58
DA:463,58
DA:464,58
DA:465,58
DA:466,58
DA:467,58
DA:468,58
DA:469,58
DA:470,58
DA:471,58
DA:472,58
DA:473,58
DA:474,58
DA:475,58
DA:477,58
DA:478,135
DA:480,135
DA:481,3
DA:482,135
DA:483,135
DA:484,4
DA:485,4
DA:486,135
DA:488,135
DA:489,135
DA:499,2
DA:500,2
DA:501,2
DA:502,2
DA:504,122
DA:505,122
DA:506,122
DA:508,22
DA:509,122
DA:510,15
DA:511,15
DA:512,15
DA:513,15
DA:515,15
DA:516,1
DA:517,1
DA:519,1
DA:520,1
DA:522,14
DA:523,14
DA:524,14
DA:525,15
DA:526,1
DA:527,1
DA:529,1
DA:530,1
DA:532,13
DA:533,13
DA:534,13
DA:536,13
DA:537,13
DA:538,13
DA:539,13
DA:540,13
DA:542,15
DA:543,12
DA:544,12
DA:546,12
DA:547,13
DA:548,13
DA:549,22
DA:550,122
DA:552,119
DA:553,119
DA:554,119
DA:555,119
DA:557,119
DA:559,119
DA:560,119
DA:561,119
DA:562,119
DA:563,119
DA:565,223
DA:566,223
DA:567,435
DA:568,434
DA:569,434
DA:570,434
DA:571,434
DA:572,434
DA:573,434
DA:575,223
DA:576,434
DA:577,434
DA:578,434
DA:579,434
DA:580,434
DA:581,1314
DA:582,1314
DA:583,1314
DA:584,1314
DA:585,1314
DA:586,1314
DA:587,1314
DA:589,1314
DA:590,1314
DA:591,1314
DA:592,1314
DA:593,1314
DA:594,1314
DA:595,1314
DA:596,1314
DA:597,1314
DA:598,1314
DA:599,1314
DA:600,1314
DA:601,1314
DA:603,1314
DA:604,1314
DA:605,1314
DA:606,1314
DA:607,223
DA:609,119
DA:610,119
DA:611,176
DA:612,176
DA:613,2
DA:614,2
DA:615,2
DA:616,174
DA:617,174
DA:618,174
DA:619,174
DA:620,174
DA:622,174
DA:623,119
DA:624,119
DA:625,54
DA:626,54
DA:627,54
DA:628,54
DA:629,54
DA:630,54
DA:631,5
DA:632,5
DA:633,5
DA:634,49
DA:635,49
DA:636,49
DA:637,49
DA:638,49
DA:640,49
DA:641,119
DA:642,119
DA:643,3
DA:644,119
DA:645,119
DA:646,4
DA:647,4
DA:648,119
DA:650,119
DA:651,119
DA:653,1446
DA:654,1446
DA:655,1446
DA:656,1446
DA:658,1446
DA:659,1446
DA:661,1446
DA:682,2
DA:683,2
DA:684,2
DA:689,2
DA:691,97
DA:692,97
DA:693,97
DA:694,97
DA:695,97
DA:696,5
DA:697,5
DA:698,95
DA:699,13
DA:700,95
DA:701,6
DA:702,6
DA:703,97
DA:705,119
DA:706,119
DA:707,119
DA:708,119
DA:710,119
DA:711,119
DA:712,227
DA:713,227
DA:714,33
DA:715,227
DA:716,194
DA:717,194
DA:718,227
DA:720,119
DA:721,119
DA:723,119
DA:724,1314
DA:726,1093
DA:727,1314
DA:729,474
DA:733,177
DA:735,53
DA:736,177
DA:738,46
DA:739,46
DA:740,145
DA:742,119
DA:743,119
DA:745,119
DA:746,119
DA:747,119
DA:748,119
DA:749,119
DA:750,119
DA:752,119
DA:753,119
DA:754,227
DA:757,70
DA:758,57
DA:759,57
DA:760,70
DA:761,227
DA:763,119
DA:765,57
DA:767,57
DA:768,57
DA:769,57
DA:774,57
DA:776,132
DA:778,72
DA:779,132
DA:781,63
DA:782,63
DA:784,132
DA:785,132
DA:786,132
DA:787,132
DA:788,132
DA:789,4
DA:790,4
DA:791,132
DA:792,132
DA:793,132
DA:794,132
DA:795,47
DA:796,47
DA:797,45
DA:798,45
DA:799,45
DA:800,47
DA:802,132
DA:804,49
DA:805,49
DA:806,132
DA:808,44
DA:809,132
DA:811,42
DA:812,42
DA:813,42
DA:815,42
DA:816,42
DA:817,42
DA:818,42
DA:819,42
DA:820,42
DA:821,42
DA:822,42
DA:823,132
DA:825,57
DA:826,57
DA:827,93
DA:828,93
DA:829,1
DA:830,1
DA:831,1
DA:832,93
DA:833,109
DA:834,109
DA:835,109
DA:836,109
DA:837,109
DA:838,109
DA:839,109
DA:840,109
DA:842,109
DA:843,109
DA:844,92
DA:845,57
DA:846,57
DA:847,24
DA:848,24
DA:849,24
DA:850,24
DA:851,24
DA:852,24
DA:853,2
DA:854,2
DA:855,2
DA:856,24
DA:857,23
DA:858,23
DA:859,23
DA:860,23
DA:861,23
DA:862,23
DA:863,23
DA:864,23
DA:866,23
DA:867,23
DA:868,22
DA:869,57
DA:870,57
DA:871,1
DA:872,57
DA:873,57
DA:874,2
DA:875,2
DA:876,57
DA:878,57
DA:879,119
DA:881,99
DA:882,99
DA:883,99
DA:884,99
DA:885,99
DA:887,99
DA:888,99
DA:889,99
DA:890,99
DA:891,99
DA:893,99
DA:894,99
DA:896,40
DA:897,40
DA:898,40
DA:900,34
DA:901,34
DA:902,34
DA:903,34
DA:904,34
DA:905,34
DA:907,34
DA:909,34
DA:910,34
DA:911,51
DA:912,51
DA:914,34
DA:915,34
DA:916,40
DA:917,40
DA:918,34
DA:919,34
DA:921,28
DA:922,28
DA:924,34
DA:925,16
DA:926,16
DA:927,12
DA:928,34
DA:930,42
DA:931,42
DA:932,42
DA:933,42
DA:935,42
DA:936,42
DA:937,42
DA:939,42
DA:940,42
DA:941,42
DA:942,42
DA:943,4
DA:944,2
DA:945,2
DA:946,4
DA:947,42
DA:948,38
DA:949,38
DA:950,38
DA:951,38
DA:952,38
DA:953,38
DA:954,38
DA:956,42
DA:958,40
DA:959,40
DA:960,42
DA:961,42
DA:962,42
DA:963,42
DA:966,42
DA:967,42
DA:968,41
DA:969,41
DA:971,40
DA:972,42
DA:973,42
DA:974,42
DA:975,40
DA:976,40
DA:978,38
DA:979,42
DA:980,36
DA:981,36
DA:982,2
DA:983,42
DA:985,2
DA:986,2
DA:987,2
DA:989,128
DA:990,128
DA:991,128
DA:992,128
DA:994,127
DA:996,127
DA:997,127
DA:998,127
DA:999,127
DA:1000,5
DA:1001,5
DA:1003,122
DA:1005,122
DA:1006,122
DA:1007,122
DA:1008,122
DA:1009,122
DA:1011,122
DA:1012,127
DA:1013,3
DA:1014,3
DA:1015,3
DA:1017,127
DA:1018,127
DA:1019,127
DA:1020,127
DA:1021,127
DA:1022,127
DA:1025,127
DA:1026,127
DA:1027,127
DA:1029,127
DA:1031,127
DA:1033,127
DA:1034,127
DA:1035,127
DA:1036,46
DA:1037,46
DA:1038,119
DA:1039,119
DA:1040,119
DA:1041,119
DA:1042,119
DA:1043,119
DA:1046,127
DA:1047,34
DA:1048,34
DA:1049,34
DA:1050,34
DA:1052,34
DA:1053,34
DA:1055,127
DA:1056,127
DA:1059,127
DA:1066,127
DA:1068,127
DA:1069,46
DA:1070,46
DA:1071,12
DA:1072,12
DA:1073,12
DA:1074,12
DA:1075,12
DA:1076,12
DA:1077,6
DA:1078,6
DA:1079,6
DA:1080,6
DA:1081,46
DA:1082,34
DA:1083,34
DA:1084,34
DA:1085,34
DA:1086,34
DA:1087,34
DA:1088,34
DA:1089,34
DA:1090,34
DA:1091,34
DA:1093,34
DA:1094,46
DA:1095,46
DA:1096,46
DA:1097,46
DA:1098,46
DA:1099,46
DA:1100,46
DA:1101,46
DA:1102,46
DA:1104,127
DA:1105,42
DA:1106,42
DA:1107,42
DA:1108,42
DA:1109,42
DA:1110,42
DA:1111,42
DA:1112,42
DA:1113,42
DA:1114,42
DA:1116,85
DA:1118,85
DA:1119,85
DA:1120,85
DA:1122,123
DA:1123,88
DA:1124,88
DA:1126,88
DA:1130,88
DA:1131,88
DA:1132,88
DA:1133,88
DA:1134,88
DA:1135,88
DA:1136,88
DA:1137,88
DA:1138,88
DA:1140,88
DA:1141,88
DA:1142,88
DA:1143,88
DA:1146,88
DA:1147,88
DA:1148,88
DA:1149,88
DA:1151,88
DA:1152,3
DA:1153,3
DA:1155,3
DA:1156,3
DA:1158,83
DA:1159,83
DA:1160,83
DA:1162,87
DA:1163,99
DA:1164,99
DA:1165,73
DA:1166,99
DA:1167,26
DA:1168,26
DA:1169,26
DA:1170,26
DA:1171,26
DA:1172,26
DA:1174,26
DA:1176,99
DA:1177,99
DA:1178,99
DA:1179,99
DA:1180,99
DA:1183,99
DA:1184,99
DA:1185,99
DA:1186,99
DA:1187,99
DA:1188,14
DA:1189,14
DA:1190,99
DA:1191,14
DA:1192,14
DA:1193,14
DA:1194,14
DA:1196,14
DA:1197,14
DA:1198,14
DA:1199,14
DA:1201,85
DA:1202,85
DA:1203,85
DA:1204,85
DA:1206,99
DA:1207,9
DA:1208,9
DA:1209,9
DA:1210,9
DA:1212,9
DA:1213,9
DA:1214,9
DA:1216,76
DA:1217,76
DA:1218,76
DA:1219,76
DA:1221,88
DA:1222,76
DA:1223,76
DA:1224,76
DA:1225,76
DA:1226,76
DA:1227,76
DA:1229,127
DA:1230,10
DA:1231,10
DA:1233,75
DA:1234,75
DA:1235,75
DA:1236,75
DA:1237,75
DA:1238,128
DA:1239,128
LH:939
LF:939
end_of_record
SF:/tmp/opencode/dripbird-f4/src/refactors/function_matcher_imports.ts
FN:33,collectImportEdges
FN:100,resolveRelativePath
FN:137,resolveImportTarget
FN:162,describeExports
FN:208,remapExternalFunctions
FNDA:243,collectImportEdges
FNDA:110,resolveRelativePath
FNDA:17,resolveImportTarget
FNDA:19,describeExports
FNDA:20,remapExternalFunctions
FNF:5
FNH:5
BRDA:36,1,0,432
BRDA:37,1,0,251
BRDA:37,1,1,181
BRDA:39,1,0,1
BRDA:39,1,1,180
BRDA:40,1,0,9
BRDA:40,1,1,6
BRDA:40,1,2,174
BRDA:41,1,0,2
BRDA:41,1,1,179
BRDA:41,1,2,172
BRDA:43,1,0,171
BRDA:43,1,1,8
BRDA:50,1,0,1
BRDA:50,1,1,180
BRDA:51,1,0,139
BRDA:51,1,1,41
BRDA:52,1,0,1
BRDA:52,1,1,138
BRDA:54,1,0,138
BRDA:54,1,1,1
BRDA:56,1,0,138
BRDA:56,1,1,1
BRDA:59,1,0,41
BRDA:59,1,1,22
BRDA:59,1,2,21
BRDA:63,1,0,20
BRDA:63,1,1,2
BRDA:68,1,0,172
BRDA:68,1,1,260
BRDA:71,1,0,43
BRDA:71,1,1,23
BRDA:73,1,0,170
BRDA:73,1,1,262
BRDA:107,2,0,1
BRDA:107,2,1,109
BRDA:111,2,0,502
BRDA:112,2,0,393
BRDA:112,2,1,474
BRDA:112,2,2,214
BRDA:112,2,3,288
BRDA:113,2,0,7
BRDA:113,2,1,495
BRDA:115,2,0,6
BRDA:115,2,1,1
BRDA:117,2,0,1
BRDA:117,2,1,6
BRDA:119,2,0,6
BRDA:119,2,1,1
BRDA:122,2,0,281
BRDA:122,2,1,221
BRDA:124,2,0,109
BRDA:124,2,1,1
BRDA:126,2,0,107
BRDA:126,2,1,2
BRDA:142,5,0,52
BRDA:144,5,0,15
BRDA:144,5,1,37
BRDA:145,5,0,2
BRDA:145,5,1,15
BRDA:166,6,0,30
BRDA:167,6,0,20
BRDA:167,6,1,10
BRDA:169,6,0,16
BRDA:169,6,1,4
BRDA:171,6,0,7
BRDA:171,6,1,9
BRDA:172,6,0,14
BRDA:172,6,1,2
BRDA:173,6,0,14
BRDA:173,6,1,2
BRDA:175,6,0,2
BRDA:175,6,1,14
BRDA:183,6,0,1
BRDA:183,6,1,3
BRDA:185,6,0,2
BRDA:185,6,1,2
BRDA:187,6,0,1
BRDA:187,6,1,2
BRDA:191,6,0,10
BRDA:191,6,1,4
BRDA:193,6,0,3
BRDA:193,6,1,3
BRDA:216,7,0,25
BRDA:218,7,0,6
BRDA:218,7,1,19
BRDA:219,7,0,6
BRDA:219,7,1,19
BRDA:220,7,0,19
BRDA:220,7,1,6
BRDA:223,7,0,7
BRDA:223,7,1,18
BRDA:224,7,0,7
BRDA:224,7,1,18
BRDA:228,7,0,18
BRDA:228,7,1,15
BRDA:230,7,0,10
BRDA:230,7,1,2
BRDA:230,7,2,2
BRDA:232,7,0,8
BRDA:232,7,1,3
BRDA:232,7,2,2
BRDA:235,7,0,6
BRDA:235,7,1,19
BRDA:237,7,0,13
BRDA:237,7,1,12
BRDA:239,7,0,6
BRDA:239,7,1,19
BRDA:246,7,0,2
BRDA:246,7,1,4
BRDA:247,7,0,4
BRDA:247,7,1,2
BRF:112
BRH:112
DA:33,5
DA:34,243
DA:36,243
DA:37,432
DA:38,432
DA:39,432
DA:40,432
DA:41,432
DA:43,179
DA:44,171
DA:45,171
DA:46,171
DA:47,171
DA:48,432
DA:50,432
DA:51,180
DA:52,139
DA:53,139
DA:54,139
DA:55,139
DA:56,139
DA:57,138
DA:58,138
DA:59,180
DA:60,21
DA:61,21
DA:62,21
DA:63,22
DA:64,20
DA:65,20
DA:66,20
DA:67,20
DA:68,180
DA:70,432
DA:71,432
DA:72,432
DA:73,432
DA:74,170
DA:75,170
DA:76,432
DA:78,243
DA:79,243
DA:81,5
DA:82,5
DA:83,5
DA:84,5
DA:85,5
DA:86,5
DA:87,5
DA:88,5
DA:89,5
DA:90,5
DA:92,5
DA:100,5
DA:101,5
DA:102,5
DA:104,110
DA:105,110
DA:106,110
DA:107,110
DA:108,110
DA:110,110
DA:111,110
DA:112,502
DA:113,502
DA:114,7
DA:115,7
DA:116,7
DA:117,7
DA:118,1
DA:119,1
DA:120,6
DA:121,6
DA:122,6
DA:123,281
DA:124,281
DA:126,110
DA:127,110
DA:128,110
DA:129,110
DA:130,110
DA:131,110
DA:137,5
DA:138,5
DA:139,5
DA:140,5
DA:142,17
DA:143,52
DA:144,52
DA:145,52
DA:146,2
DA:147,17
DA:162,5
DA:163,19
DA:164,19
DA:166,19
DA:167,30
DA:168,20
DA:169,20
DA:170,16
DA:171,16
DA:172,16
DA:173,16
DA:174,14
DA:175,16
DA:176,2
DA:177,2
DA:178,2
DA:179,2
DA:180,2
DA:181,2
DA:182,16
DA:183,20
DA:184,3
DA:185,3
DA:186,3
DA:187,3
DA:188,1
DA:189,1
DA:190,3
DA:191,30
DA:192,4
DA:193,4
DA:194,4
DA:195,30
DA:197,19
DA:198,19
DA:208,5
DA:209,5
DA:210,5
DA:211,5
DA:212,5
DA:214,20
DA:216,20
DA:217,25
DA:218,25
DA:219,25
DA:220,25
DA:221,25
DA:223,25
DA:224,25
DA:225,25
DA:227,25
DA:228,25
DA:229,15
DA:230,25
DA:231,2
DA:232,10
DA:233,2
DA:234,2
DA:235,25
DA:237,25
DA:238,13
DA:239,25
DA:240,6
DA:241,6
DA:242,6
DA:243,6
DA:244,6
DA:245,6
DA:246,6
DA:247,6
DA:248,6
DA:249,6
DA:250,6
DA:251,25
DA:253,20
DA:254,20
LH:168
LF:168
end_of_record
SF:/tmp/opencode/dripbird-f4/src/refactors/function_splitter.ts
FN:28,collectPatternBindings
FN:60,collectAllBindings
FN:64,visitVariableDeclaration
FN:70,visitFunctionDeclaration
FN:76,visitFunctionExpression
FN:79,visitArrowFunctionExpression
FN:82,visitClassDeclaration
FN:93,collectIdentifiers
FN:97,visitIdentifier
FN:162,computeFreeVars
FN:180,returnsWithValue
FN:184,visitReturnStatement
FN:194,usesThis
FN:198,visitThisExpression
FN:208,hasNestedFunctionDecl
FN:212,visitFunctionDeclaration
FN:222,getParamName
FN:232,getOriginalParams
FN:238,cloneAstNode
FN:253,findTypeAnnotationInPattern
FN:260,findIdentifierLoc
FN:298,findVarDeclLocation
FN:313,extractTypeFromParamNode
FN:352,findTypeAnnotationForName
FN:371,buildTypedParams
FN:409,isTrivialTail
FN:418,estimateResultLineCounts
FN:432,computeDiffCoverage
FN:450,getDiffStatementRange
FN:473,selectSplitPoints
FN:506,getTailCode
FN:596,collectFileLevelBindings
FN:635,createFunctionSplitter
FN:653,parse
FN:668,visitFunctionDeclaration
FN:712,visitClassMethod
FN:778,splitRecursively
FNDA:18176,collectPatternBindings
FNDA:1443,collectAllBindings
FNDA:18017,visitVariableDeclaration
FNDA:1,visitFunctionDeclaration
FNDA:7,visitFunctionExpression
FNDA:7,visitArrowFunctionExpression
FNDA:1,visitClassDeclaration
FNDA:661,collectIdentifiers
FNDA:24139,visitIdentifier
FNDA:653,computeFreeVars
FNDA:103,returnsWithValue
[...]
BRDA:325,24,1,46
BRDA:327,24,0,4
BRDA:327,24,1,150
BRDA:328,24,0,4
BRDA:328,24,1,150
BRDA:330,24,0,2
BRDA:330,24,1,152
BRDA:331,24,0,1
BRDA:331,24,1,1
BRDA:338,24,0,106
BRDA:338,24,1,48
BRDA:339,24,0,4
BRDA:339,24,1,150
BRDA:342,24,0,1
BRDA:342,24,1,3
BRDA:344,24,0,1
BRDA:344,24,1,3
BRDA:346,24,0,3
BRDA:346,24,1,1
BRDA:348,24,0,102
BRDA:348,24,1,52
BRDA:357,25,0,154
BRDA:359,25,0,10
BRDA:359,25,1,144
BRDA:360,25,0,75
BRDA:360,25,1,10
BRDA:362,25,0,249
BRDA:365,25,0,1
BRDA:365,25,1,248
BRDA:366,25,0,248
BRDA:366,25,1,1
BRDA:367,25,0,74
BRDA:367,25,1,11
BRDA:384,28,0,11
BRDA:384,28,1,11
BRDA:386,28,0,2
BRDA:386,28,1,9
BRDA:387,28,0,74
BRDA:387,28,1,11
BRDA:389,28,0,10
BRDA:389,28,1,1
BRDA:394,28,0,2
BRDA:394,28,1,8
BRDA:399,28,0,1
BRDA:399,28,1,1
BRDA:410,29,0,648
BRDA:410,29,1,5
BRDA:438,31,0,1
BRDA:438,31,1,69
BRDA:440,31,0,72
BRDA:443,31,0,69
BRDA:443,31,1,3
BRDA:446,31,0,69
BRDA:446,31,1,1
BRDA:456,32,0,82
BRDA:458,32,0,1
BRDA:458,32,1,81
BRDA:462,32,0,65
BRDA:462,32,1,7
BRDA:463,32,0,4
BRDA:463,32,1,3
BRDA:469,32,0,4
BRDA:469,32,1,4
BRDA:482,33,0,3060
BRDA:485,33,0,1449
BRDA:485,33,1,1611
BRDA:487,33,0,30
BRDA:487,33,1,1419
BRDA:488,33,0,4
BRDA:488,33,1,26
BRDA:489,33,0,26
BRDA:489,33,1,1423
BRDA:491,33,0,1423
BRDA:491,33,1,26
BRDA:495,33,0,6
BRDA:495,33,1,129
BRDA:498,33,0,645
BRDA:498,33,1,645
BRDA:502,33,0,129
BRDA:502,33,1,6
BRDA:511,34,0,1
BRDA:511,34,1,60
BRDA:598,35,0,298
BRDA:600,35,0,233
BRDA:600,35,1,65
BRDA:603,35,0,14
BRDA:603,35,1,284
BRDA:606,35,0,7
BRDA:606,35,1,291
BRDA:611,35,0,39
BRDA:611,35,1,259
BRDA:612,35,0,44
BRDA:616,35,0,1
BRDA:616,35,1,297
BRDA:619,35,0,1
BRDA:619,35,1,297
BRDA:622,35,0,1
BRDA:622,35,1,297
BRDA:625,35,0,1
BRDA:625,35,1,297
BRDA:641,36,0,25
BRDA:641,36,1,58
BRDA:661,37,0,1
BRDA:661,37,1,80
BRDA:663,37,0,80
BRDA:663,37,1,1
BRDA:760,37,0,18
BRDA:760,37,1,63
BRDA:762,37,0,79
BRDA:762,37,1,62
BRDA:764,37,0,14
BRDA:764,37,1,65
BRDA:767,37,0,3
BRDA:767,37,1,11
BRDA:769,37,0,62
BRDA:769,37,1,17
BRDA:1085,37,0,63
BRDA:1085,37,1,16
BRDA:1097,37,0,62
BRDA:1097,37,1,17
BRDA:1099,37,0,5
BRDA:1099,37,1,76
BRDA:1101,37,0,57
BRDA:1101,37,1,24
BRDA:677,39,0,2
BRDA:677,39,1,69
BRDA:680,39,0,69
BRDA:680,39,1,2
BRDA:681,39,0,68
BRDA:681,39,1,2
BRDA:684,39,0,67
BRDA:684,39,1,4
BRDA:685,39,0,67
BRDA:685,39,1,5
BRDA:688,39,0,62
BRDA:688,39,1,9
BRDA:689,39,0,1
BRDA:689,39,1,70
BRDA:692,39,0,61
BRDA:692,39,1,10
BRDA:693,39,0,1
BRDA:693,39,1,70
BRDA:696,39,0,60
BRDA:696,39,1,11
BRDA:698,39,0,2
BRDA:698,39,1,69
BRDA:701,39,0,58
BRDA:701,39,1,13
BRDA:714,40,0,1
BRDA:714,40,1,11
BRDA:717,40,0,11
BRDA:717,40,1,1
BRDA:725,40,0,1
BRDA:725,40,1,11
BRDA:728,40,0,10
BRDA:728,40,1,2
BRDA:729,40,0,9
BRDA:729,40,1,2
BRDA:732,40,0,8
BRDA:732,40,1,4
BRDA:733,40,0,8
BRDA:733,40,1,1
BRDA:736,40,0,7
BRDA:736,40,1,5
BRDA:737,40,0,1
BRDA:737,40,1,11
BRDA:740,40,0,6
BRDA:740,40,1,6
BRDA:742,40,0,1
BRDA:742,40,1,11
BRDA:745,40,0,5
BRDA:745,40,1,7
BRDA:747,40,0,5
BRDA:747,40,1,7
BRDA:783,42,0,10
BRDA:783,42,1,136
BRDA:796,42,0,4
BRDA:796,42,1,142
BRDA:801,42,0,3
BRDA:801,42,1,1
BRDA:809,42,0,1
BRDA:809,42,1,3
BRDA:812,42,0,135
BRDA:812,42,1,11
BRDA:823,42,0,1
BRDA:823,42,1,134
BRDA:846,42,0,1
BRDA:846,42,1,133
BRDA:859,42,0,60
BRDA:859,42,1,86
BRDA:860,42,0,73
BRDA:860,42,1,73
BRDA:873,42,0,198
BRDA:878,42,0,193
BRDA:878,42,1,5
BRDA:880,42,0,5
BRDA:880,42,1,193
BRDA:881,42,0,1
BRDA:881,42,1,4
BRDA:883,42,0,193
BRDA:883,42,1,5
BRDA:884,42,0,103
BRDA:884,42,1,95
BRDA:886,42,0,193
BRDA:886,42,1,90
BRDA:887,42,0,29
BRDA:887,42,1,164
BRDA:888,42,0,103
BRDA:888,42,1,43
BRDA:911,42,0,85
BRDA:911,42,1,61
BRDA:914,42,0,103
BRDA:914,42,1,43
BRDA:916,42,0,94
BRDA:916,42,1,52
BRDA:929,42,0,88
BRDA:929,42,1,6
BRDA:930,42,0,6
BRDA:930,42,1,88
BRDA:952,42,0,9
BRDA:952,42,1,137
BRDA:967,42,0,8
BRDA:967,42,1,8
BRDA:972,42,0,1
BRDA:972,42,1,8
BRDA:984,42,0,8
BRDA:984,42,1,1
BRDA:985,42,0,1
BRDA:985,42,1,8
BRDA:1007,42,0,103
BRDA:1007,42,1,43
BRDA:1009,42,0,96
BRDA:1009,42,1,63
BRDA:1011,42,0,40
BRDA:1011,42,1,106
BRDA:1013,42,0,103
BRDA:1013,42,1,43
BRDA:1037,42,0,82
BRDA:1037,42,1,64
BRDA:1052,42,0,103
BRDA:1052,42,1,43
BRDA:1054,42,0,4
BRDA:1054,42,1,142
BRDA:1056,42,0,3
BRDA:1056,42,1,1
BRDA:1059,42,0,1
BRDA:1059,42,1,3
BRDA:1080,42,0,103
BRDA:1080,42,1,43
BRDA:838,43,0,636
BRDA:838,43,1,17
BRDA:849,45,0,64
BRDA:849,45,1,728
BRDA:850,45,0,60
BRDA:850,45,1,4
BRDA:851,45,0,728
BRDA:851,45,1,64
BRDA:910,48,0,47
BRDA:910,48,1,2
BRDA:910,48,2,1
BRDA:910,48,3,1
BRF:437
BRH:437
DA:2,5
DA:3,5
DA:9,5
DA:10,5
DA:12,5
DA:28,5
DA:29,5
DA:30,5
DA:32,18176
DA:33,18175
DA:34,18176
DA:35,18067
DA:36,18067
DA:37,18176
DA:38,44
DA:39,63
DA:40,50
DA:41,63
DA:42,13
DA:43,13
DA:44,63
DA:45,44
DA:46,18176
DA:47,32
DA:48,53
DA:49,53
DA:50,32
DA:51,18176
DA:52,19
DA:53,19
DA:54,18176
DA:55,13
DA:56,13
DA:57,18176
DA:58,18176
DA:60,5
DA:61,1443
DA:62,1443
DA:63,19009
DA:64,19009
DA:65,18017
DA:66,18017
DA:67,18017
DA:68,18017
DA:69,19009
DA:70,19009
DA:71,1
DA:72,1
DA:73,1
DA:74,1
DA:75,19009
DA:76,19009
DA:77,7
DA:78,19009
DA:79,19009
DA:80,7
DA:81,19009
DA:82,19009
DA:83,1
DA:84,1
DA:85,1
DA:86,1
DA:87,1
DA:88,19009
DA:89,19009
DA:90,1443
DA:91,1443
DA:93,5
DA:94,661
DA:95,661
DA:96,13491
DA:97,13491
DA:98,24139
DA:99,24139
DA:100,24139
DA:101,24139
DA:102,24139
DA:103,24139
DA:104,24139
DA:105,2398
DA:106,2398
DA:107,2398
DA:108,24139
DA:109,24139
DA:110,24139
DA:111,24139
DA:112,24139
DA:113,24139
DA:114,11
DA:115,11
DA:116,11
DA:117,24139
DA:118,24139
DA:119,24139
DA:120,24139
DA:121,24139
DA:122,6
DA:123,6
DA:124,6
DA:125,24139
DA:126,24139
DA:127,24139
DA:128,24139
DA:129,24139
DA:130,24139
DA:131,24139
DA:132,24139
DA:133,1
DA:134,1
DA:135,1
DA:136,24139
DA:137,24139
DA:138,24139
DA:139,24139
DA:140,11
DA:141,11
DA:142,11
DA:143,24139
DA:144,2
DA:145,2
DA:146,2
DA:147,24139
DA:148,24139
DA:149,24139
DA:150,24139
DA:151,1
DA:152,1
DA:153,1
DA:154,21709
DA:155,21709
DA:156,24139
DA:157,13491
DA:158,13491
DA:159,661
DA:160,661
DA:162,653
DA:163,653
DA:164,653
DA:165,653
DA:167,653
DA:168,653
DA:169,653
DA:170,653
DA:171,653
DA:172,653
DA:173,13399
DA:174,549
DA:175,549
DA:176,13399
DA:177,653
DA:178,653
DA:180,103
DA:181,103
DA:182,103
DA:183,2358
DA:184,2358
DA:185,96
DA:186,96
DA:187,96
DA:188,2358
DA:189,2358
DA:190,2358
DA:191,7
DA:192,103
DA:194,70
DA:195,70
DA:196,70
DA:197,1452
DA:198,1452
DA:199,2
DA:200,2
DA:201,2
DA:202,1452
DA:203,1452
DA:204,1452
DA:205,68
DA:206,70
DA:208,69
DA:209,69
DA:210,69
DA:211,1320
DA:212,1320
DA:213,2
DA:214,2
DA:215,2
DA:216,1320
DA:217,1320
DA:218,1320
DA:219,67
DA:220,69
DA:222,5
DA:223,124
DA:224,121
DA:225,121
DA:226,121
DA:227,1
DA:228,1
DA:229,1
DA:230,124
DA:232,63
DA:233,63
DA:234,63
DA:235,63
DA:236,63
DA:238,398
DA:239,398
DA:240,398
DA:241,398
DA:242,179
DA:243,398
DA:244,665
DA:245,665
DA:246,665
DA:247,665
DA:248,314
DA:249,314
DA:250,179
DA:251,398
DA:253,249
DA:254,249
DA:255,25
DA:256,25
DA:257,224
DA:258,249
DA:260,23
DA:261,23
DA:262,23
DA:264,23
DA:265,10
DA:266,10
DA:267,10
DA:268,10
DA:269,10
DA:270,23
DA:271,4
DA:272,5
DA:273,4
DA:274,4
DA:275,5
DA:276,1
DA:277,1
DA:278,1
DA:279,5
DA:280,1
DA:281,23
DA:282,3
DA:283,3
DA:284,3
DA:285,3
DA:286,3
DA:287,3
DA:288,1
DA:289,23
DA:290,1
DA:291,1
DA:292,23
DA:293,1
DA:294,1
DA:295,6
DA:296,23
DA:298,11
DA:299,11
DA:300,11
DA:302,11
DA:303,13
DA:304,13
DA:305,13
DA:306,13
DA:307,13
DA:308,3
DA:309,13
DA:310,1
DA:311,11
DA:313,154
DA:314,154
DA:315,154
DA:317,154
DA:318,46
DA:319,8
DA:320,8
DA:321,8
DA:322,8
DA:323,8
DA:324,38
DA:325,38
DA:326,154
DA:327,154
DA:328,154
DA:329,154
DA:330,154
DA:331,2
DA:332,1
DA:333,1
DA:334,1
DA:335,1
DA:336,1
DA:337,1
DA:338,1
DA:339,154
DA:340,4
DA:341,4
DA:342,4
DA:343,4
DA:344,4
DA:345,1
DA:346,1
DA:347,3
DA:348,3
DA:349,102
DA:350,154
DA:352,85
DA:353,85
DA:354,85
DA:355,85
DA:357,85
DA:358,154
DA:359,154
DA:360,154
DA:361,75
DA:362,85
DA:363,249
DA:364,249
DA:365,249
DA:366,249
DA:367,248
DA:368,74
DA:369,85
DA:371,103
DA:372,103
DA:373,103
DA:374,103
DA:375,103
DA:377,103
DA:378,85
DA:379,85
DA:380,85
DA:381,85
DA:382,85
DA:384,85
DA:385,11
DA:386,11
DA:387,85
DA:388,11
DA:389,11
DA:390,10
DA:391,10
DA:392,10
DA:394,10
DA:395,2
DA:396,2
DA:397,2
DA:399,2
DA:401,1
DA:402,2
DA:403,10
DA:404,11
DA:405,85
DA:406,103
DA:407,103
DA:409,653
DA:410,653
DA:411,5
DA:412,653
DA:413,653
DA:414,653
DA:416,653
DA:418,756
DA:419,756
DA:420,756
DA:421,756
DA:423,756
DA:424,756
DA:425,756
DA:426,756
DA:427,756
DA:428,756
DA:429,756
DA:430,756
DA:432,5
DA:433,5
DA:434,5
DA:435,5
DA:437,70
DA:438,70
DA:439,69
DA:440,70
DA:441,72
DA:442,72
DA:443,72
DA:444,69
DA:445,69
DA:446,72
DA:447,69
DA:448,70
DA:450,5
DA:451,5
DA:452,5
DA:454,8
DA:455,8
DA:456,8
DA:457,82
DA:458,82
DA:459,81
DA:460,81
DA:461,81
DA:462,81
DA:463,7
DA:464,7
DA:465,7
DA:466,7
DA:467,81
DA:468,81
DA:469,8
DA:470,4
DA:471,8
DA:473,135
DA:474,135
DA:475,135
DA:476,135
DA:477,135
DA:478,135
DA:479,135
DA:481,135
DA:482,135
DA:483,3060
DA:484,3060
DA:485,3060
DA:486,1449
DA:487,1449
DA:488,1449
DA:489,1449
DA:490,26
DA:491,26
DA:492,1423
DA:493,1423
DA:494,3060
DA:495,135
DA:496,129
DA:497,129
DA:498,135
DA:499,645
DA:500,645
DA:501,645
DA:502,645
DA:503,129
DA:504,135
DA:506,5
DA:507,5
DA:508,5
DA:509,5
DA:511,61
DA:512,60
DA:513,60
DA:514,60
DA:515,61
DA:517,5
DA:518,5
DA:519,5
DA:520,5
DA:521,5
DA:522,5
DA:523,5
DA:524,5
DA:525,5
DA:526,5
DA:527,5
DA:528,5
DA:529,5
DA:530,5
DA:531,5
DA:532,5
DA:533,5
DA:534,5
DA:535,5
DA:536,5
DA:537,5
DA:538,5
DA:539,5
DA:540,5
DA:541,5
DA:542,5
DA:543,5
DA:544,5
DA:545,5
DA:546,5
DA:547,5
DA:548,5
DA:549,5
DA:550,5
DA:551,5
DA:552,5
DA:553,5
DA:554,5
DA:555,5
DA:556,5
DA:557,5
DA:558,5
DA:559,5
DA:560,5
DA:561,5
DA:562,5
DA:563,5
DA:564,5
DA:565,5
DA:566,5
DA:567,5
DA:568,5
DA:569,5
DA:570,5
DA:571,5
DA:572,5
DA:573,5
DA:574,5
DA:575,5
DA:576,5
DA:577,5
DA:578,5
DA:579,5
DA:580,5
DA:581,5
DA:582,5
DA:583,5
DA:584,5
DA:585,5
DA:586,5
DA:587,5
DA:588,5
DA:589,5
DA:590,5
DA:591,5
DA:592,5
DA:593,5
DA:594,5
DA:596,5
DA:597,200
DA:598,200
DA:599,298
DA:600,298
DA:601,233
DA:602,233
DA:603,298
DA:604,14
DA:605,14
DA:606,298
DA:607,7
DA:608,7
DA:609,7
DA:610,7
DA:611,298
DA:612,39
DA:613,44
DA:614,44
DA:615,39
DA:616,298
DA:617,1
DA:618,1
DA:619,298
DA:620,1
DA:621,1
DA:622,298
DA:623,1
DA:624,1
DA:625,298
DA:626,1
DA:627,1
DA:628,1
DA:629,1
DA:630,298
DA:631,298
DA:632,200
DA:633,200
DA:635,5
DA:636,5
DA:637,5
DA:638,5
DA:639,5
DA:641,83
DA:642,83
DA:644,83
DA:645,83
DA:646,83
DA:647,83
DA:649,81
DA:650,81
DA:651,81
DA:652,81
DA:653,81
DA:654,81
DA:655,81
DA:656,81
DA:657,81
DA:658,81
DA:659,81
DA:660,81
DA:661,81
DA:662,1
DA:663,1
DA:665,80
DA:667,80
DA:668,80
DA:669,71
DA:670,71
DA:671,71
DA:672,71
DA:673,71
DA:674,71
DA:675,71
DA:677,71
DA:678,2
DA:679,2
DA:680,2
DA:681,71
DA:682,2
DA:683,2
DA:684,2
DA:685,71
DA:686,5
DA:687,5
DA:688,5
DA:689,71
DA:690,1
DA:691,1
DA:692,1
DA:693,71
DA:694,1
DA:695,1
DA:696,1
DA:697,60
DA:698,71
DA:699,2
DA:700,2
DA:701,2
DA:702,58
DA:703,58
DA:704,58
DA:705,58
DA:706,58
DA:707,58
DA:708,58
DA:709,58
DA:710,80
DA:712,80
DA:713,12
DA:714,12
DA:715,1
DA:716,1
DA:717,1
DA:718,12
DA:719,12
DA:720,12
DA:721,12
DA:722,12
DA:723,12
DA:725,12
DA:726,1
DA:727,1
DA:728,1
DA:729,12
DA:730,2
DA:731,2
DA:732,2
DA:733,12
DA:734,1
DA:735,1
DA:736,1
DA:737,12
DA:738,1
DA:739,1
DA:740,1
DA:741,6
DA:742,12
DA:743,1
DA:744,1
DA:745,1
DA:746,12
DA:747,12
DA:748,12
DA:749,12
DA:750,12
DA:751,12
DA:752,12
DA:753,12
DA:754,12
DA:755,12
DA:756,12
DA:757,12
DA:758,80
DA:760,81
DA:761,18
DA:762,18
DA:764,79
DA:765,14
DA:766,14
DA:767,14
DA:769,14
DA:771,62
DA:772,62
DA:775,62
DA:776,62
DA:778,62
DA:779,62
DA:780,62
DA:781,62
DA:783,146
DA:785,136
DA:786,136
DA:787,136
DA:788,136
DA:789,136
DA:790,136
DA:791,136
DA:792,136
DA:793,136
DA:795,136
DA:796,146
DA:797,4
DA:798,4
DA:799,4
DA:801,4
DA:802,3
DA:803,3
DA:804,3
DA:805,3
DA:806,3
DA:808,3
DA:809,4
DA:810,1
DA:811,1
DA:812,4
DA:814,135
DA:815,135
DA:816,135
DA:817,135
DA:818,135
DA:819,135
DA:820,135
DA:823,146
DA:825,134
DA:826,653
DA:827,653
DA:828,653
DA:829,653
DA:830,653
DA:831,653
DA:833,653
DA:834,653
DA:835,653
DA:836,653
DA:838,653
DA:839,653
DA:840,653
DA:841,134
DA:843,134
DA:844,134
DA:846,146
DA:848,133
DA:849,792
DA:850,64
DA:851,64
DA:852,728
DA:853,133
DA:854,133
DA:856,133
DA:857,133
DA:859,146
DA:860,146
DA:861,146
DA:863,146
DA:864,146
DA:865,146
DA:866,146
DA:867,146
DA:868,146
DA:869,146
DA:870,146
DA:871,146
DA:872,146
DA:873,146
DA:874,198
DA:875,198
DA:876,198
DA:877,198
DA:878,198
DA:880,198
DA:881,5
DA:882,4
DA:883,4
DA:884,198
DA:885,103
DA:886,103
DA:887,193
DA:888,198
DA:890,103
DA:891,103
DA:892,103
DA:893,103
DA:895,103
DA:897,103
DA:898,103
DA:899,103
DA:900,103
DA:901,103
DA:904,103
DA:905,103
DA:906,85
DA:907,85
DA:908,85
DA:909,103
DA:910,103
DA:911,146
DA:912,85
DA:913,85
DA:914,85
DA:916,146
DA:917,94
DA:918,94
DA:919,94
DA:920,94
DA:922,94
DA:924,94
DA:925,94
DA:926,94
DA:929,94
DA:930,94
DA:931,94
DA:932,94
DA:933,94
DA:934,94
DA:935,94
DA:937,94
DA:938,94
DA:939,94
DA:940,94
DA:941,94
DA:942,94
DA:943,94
DA:944,94
DA:945,94
DA:947,94
DA:948,94
DA:949,94
DA:950,94
DA:951,94
DA:952,146
DA:953,9
DA:954,9
DA:956,9
DA:957,9
DA:958,9
DA:959,9
DA:960,9
DA:961,9
DA:962,9
DA:964,9
DA:966,9
DA:967,9
DA:968,8
DA:969,8
DA:970,8
DA:972,9
DA:973,1
DA:974,1
DA:975,1
DA:977,1
DA:979,9
DA:980,9
DA:981,9
DA:984,9
DA:985,9
DA:986,9
DA:987,9
DA:988,9
DA:989,9
DA:990,9
DA:992,9
DA:993,9
DA:994,9
DA:995,9
DA:996,9
DA:997,9
DA:998,9
DA:999,9
DA:1000,9
DA:1002,9
DA:1003,9
DA:1004,9
DA:1005,9
DA:1006,9
DA:1007,9
DA:1009,146
DA:1010,63
DA:1011,146
DA:1012,40
DA:1013,40
DA:1015,103
DA:1016,103
DA:1017,103
DA:1018,103
DA:1019,103
DA:1020,103
DA:1021,103
DA:1022,103
DA:1023,103
DA:1024,103
DA:1026,103
DA:1027,103
DA:1028,103
DA:1029,103
DA:1031,103
DA:1032,103
DA:1033,103
DA:1034,103
DA:1037,146
DA:1038,82
DA:1039,82
DA:1040,82
DA:1041,82
DA:1042,82
DA:1043,82
DA:1044,82
DA:1045,82
DA:1046,82
DA:1047,82
DA:1048,82
DA:1049,82
DA:1051,82
DA:1052,82
DA:1054,146
DA:1055,4
DA:1056,4
DA:1057,3
DA:1058,3
DA:1059,4
DA:1060,1
DA:1061,1
DA:1062,1
DA:1063,1
DA:1064,1
DA:1065,1
DA:1066,1
DA:1067,1
DA:1068,1
DA:1069,1
DA:1070,1
DA:1071,1
DA:1073,1
DA:1074,1
DA:1075,1
DA:1076,1
DA:1078,1
DA:1079,1
DA:1080,4
DA:1082,103
DA:1083,146
DA:1085,79
DA:1086,63
DA:1087,63
DA:1088,63
DA:1089,63
DA:1091,63
DA:1092,63
DA:1093,63
DA:1094,63
DA:1096,63
DA:1097,63
DA:1099,81
DA:1100,5
DA:1101,5
DA:1103,57
DA:1104,57
DA:1105,57
DA:1106,57
DA:1107,57
DA:1108,83
DA:1109,83
LH:975
LF:975
end_of_record
SF:/tmp/opencode/dripbird-f4/src/refactors/if_not_else.ts
FN:6,inRange
FN:16,ifNotElse
FN:24,parse
FN:40,visitIfStatement
FNDA:107,inRange
FNDA:29,ifNotElse
FNDA:29,parse
FNDA:22,visitIfStatement
FNF:4
FNH:4
BRDA:12,2,0,105
BRDA:12,2,1,2
BRDA:32,3,0,1
BRDA:32,3,1,28
BRDA:34,3,0,28
BRDA:34,3,1,1
BRDA:83,3,0,14
BRDA:83,3,1,15
BRDA:46,5,0,1
BRDA:46,5,1,21
BRDA:49,5,0,21
BRDA:49,5,1,1
BRDA:52,5,0,18
BRDA:52,5,1,4
BRDA:54,5,0,3
BRDA:54,5,1,19
BRDA:57,5,0,18
BRDA:57,5,1,4
BRDA:59,5,0,1
BRDA:59,5,1,21
BRDA:62,5,0,17
BRDA:62,5,1,5
BRDA:64,5,0,1
BRDA:64,5,1,21
BRDA:67,5,0,16
BRDA:67,5,1,6
BRF:26
BRH:26
DA:1,6
DA:2,6
DA:6,6
DA:7,6
DA:8,6
DA:9,6
DA:11,107
DA:12,107
DA:14,107
DA:16,6
DA:17,6
DA:18,6
DA:20,29
DA:21,29
DA:22,29
DA:23,29
DA:24,29
DA:25,29
DA:26,29
DA:27,29
DA:28,29
DA:29,29
DA:30,29
DA:31,29
DA:32,29
DA:33,1
DA:34,1
DA:36,28
DA:37,28
DA:39,28
DA:40,28
DA:41,22
DA:43,22
DA:44,22
DA:45,22
DA:46,22
DA:47,1
DA:48,1
DA:49,1
DA:51,22
DA:52,22
DA:53,22
DA:54,22
DA:55,3
DA:56,3
DA:57,3
DA:59,22
DA:60,1
DA:61,1
DA:62,1
DA:64,22
DA:65,1
DA:66,1
DA:67,1
DA:69,16
DA:70,16
DA:71,16
DA:72,16
DA:74,16
DA:75,22
DA:76,22
DA:79,22
DA:80,22
DA:81,28
DA:83,29
DA:84,14
DA:85,14
DA:87,14
DA:88,14
DA:89,14
DA:90,14
DA:91,14
DA:92,6
LH:73
LF:73
end_of_record
SF:/tmp/opencode/dripbird-f4/src/type_checker.ts
FN:35,<instance_members_initializer>
FN:45,TypeCheckerImpl
FN:46,TypeCheckerImpl._loadTs
FN:52,initForSource
FN:57,initForFiles
FN:67,init
FN:106,host.getSourceFile
FN:123,host.fileExists
FN:128,host.readFile
FN:133,host.directoryExists
FN:162,getSemanticErrors
FN:190,getTypeAtPosition
FN:222,dispose
FN:231,findDeepestNodeAtPosition
FN:237,visit
FN:249,parseTypeString
FNDA:51,<instance_members_initializer>
FNDA:51,TypeCheckerImpl
FNDA:21,TypeCheckerImpl._loadTs
FNDA:30,initForSource
FNDA:10,initForFiles
FNDA:40,init
FNDA:2454,host.getSourceFile
FNDA:12,host.fileExists
FNDA:2408,host.readFile
FNDA:19172,host.directoryExists
FNDA:18,getSemanticErrors
FNDA:19,getTypeAtPosition
FNDA:21,dispose
FNDA:10,findDeepestNodeAtPosition
FNDA:90,visit
FNDA:47,parseTypeString
FNF:16
FNH:16
BRDA:46,2,0,39
BRDA:46,2,1,12
BRDA:53,4,0,26
BRDA:53,4,1,4
BRDA:61,5,0,28
BRDA:71,6,0,1
BRDA:71,6,1,39
BRDA:73,6,0,33
BRDA:73,6,1,7
BRDA:74,6,0,29
BRDA:74,6,1,4
BRDA:76,6,0,39
BRDA:76,6,1,4
BRDA:79,6,0,35
BRDA:79,6,1,4
BRDA:102,6,0,28
BRDA:102,6,1,11
BRDA:103,6,0,28
BRDA:103,6,1,12
BRDA:104,6,0,28
BRDA:104,6,1,12
BRDA:122,6,0,39
BRDA:122,6,1,28
BRDA:126,6,0,35
BRDA:126,6,1,4
BRDA:127,6,0,28
BRDA:127,6,1,11
BRDA:131,6,0,35
BRDA:131,6,1,4
BRDA:132,6,0,28
BRDA:132,6,1,11
BRDA:140,6,0,35
BRDA:140,6,1,4
BRDA:148,6,0,24
BRDA:148,6,1,9
BRDA:151,6,0,24
BRDA:151,6,1,16
BRDA:152,6,0,2
BRDA:152,6,1,9
BRDA:154,6,0,2
BRDA:154,6,1,38
BRDA:112,7,0,46
BRDA:112,7,1,2408
BRDA:119,7,0,2408
BRDA:119,7,1,46
BRDA:124,8,0,5
BRDA:124,8,1,7
BRDA:135,10,0,18
BRDA:135,10,1,19154
BRDA:137,10,0,19154
BRDA:137,10,1,18
BRDA:163,12,0,16
BRDA:163,12,1,14
BRDA:163,12,2,4
BRDA:165,12,0,14
BRDA:165,12,1,4
BRDA:170,12,0,12
BRDA:170,12,1,6
BRDA:171,12,0,1
BRDA:171,12,1,11
BRDA:173,12,0,1
BRDA:173,12,1,10
BRDA:174,12,0,1
BRDA:174,12,1,11
BRDA:185,12,0,2
BRDA:185,12,1,16
BRDA:191,13,0,14
BRDA:191,13,1,12
BRDA:191,13,2,18
BRDA:191,13,3,8
BRDA:191,13,4,11
BRDA:203,13,0,1
BRDA:203,13,1,9
BRDA:205,13,0,1
BRDA:205,13,1,18
BRDA:205,13,2,8
BRDA:208,13,0,7
BRDA:208,13,1,11
BRDA:209,13,0,7
BRDA:209,13,1,12
BRDA:210,13,0,7
BRDA:210,13,1,12
BRDA:211,13,0,7
BRDA:211,13,1,12
BRDA:213,13,0,1
BRDA:213,13,1,18
BRDA:215,13,0,7
BRDA:215,13,1,12
BRDA:217,13,0,1
BRDA:217,13,1,18
BRDA:240,16,0,51
BRDA:240,16,1,40
BRF:92
BRH:92
DA:2,6
DA:34,6
DA:35,6
DA:36,51
DA:37,51
DA:38,51
DA:39,51
DA:40,51
DA:42,51
DA:43,6
DA:45,6
DA:46,51
DA:47,21
DA:48,21
DA:49,51
DA:50,51
DA:52,6
DA:53,30
DA:54,30
DA:55,30
DA:57,6
DA:58,6
DA:59,6
DA:60,10
DA:61,10
DA:62,28
DA:63,28
DA:64,10
DA:65,10
DA:67,6
DA:68,6
DA:69,6
DA:70,6
DA:71,40
DA:72,39
DA:73,40
DA:74,33
DA:75,29
DA:76,40
DA:77,4
DA:78,4
DA:79,4
DA:80,35
DA:81,35
DA:82,35
DA:83,35
DA:84,35
DA:85,35
DA:86,35
DA:87,35
DA:88,35
DA:89,35
DA:90,35
DA:94,35
DA:95,35
DA:96,35
DA:97,35
DA:98,35
DA:99,35
DA:100,35
DA:101,35
DA:102,40
DA:103,40
DA:104,40
DA:105,40
DA:106,40
DA:107,40
DA:108,40
DA:109,40
DA:111,2454
DA:112,2454
DA:113,46
DA:114,46
DA:115,46
DA:116,46
DA:117,46
DA:119,46
DA:120,2408
DA:121,40
DA:122,40
DA:123,28
DA:124,28
DA:125,28
DA:126,28
DA:127,39
DA:128,28
DA:129,28
DA:130,28
DA:131,28
DA:132,39
DA:133,28
DA:134,19172
DA:135,19172
DA:136,18
DA:137,18
DA:138,19154
DA:139,28
DA:140,28
DA:141,35
DA:142,35
DA:143,35
DA:144,35
DA:145,35
DA:146,35
DA:147,35
DA:148,40
DA:151,40
DA:152,40
DA:153,40
DA:154,40
DA:155,2
DA:156,2
DA:157,2
DA:158,2
DA:159,2
DA:160,40
DA:162,6
DA:163,18
DA:164,4
DA:165,4
DA:166,14
DA:167,14
DA:168,14
DA:169,14
DA:170,18
DA:171,12
DA:172,11
DA:173,12
DA:174,12
DA:175,12
DA:176,12
DA:177,12
DA:178,12
DA:179,12
DA:180,12
DA:181,12
DA:182,12
DA:183,12
DA:184,12
DA:185,18
DA:186,2
DA:187,2
DA:188,18
DA:190,6
DA:191,19
DA:192,11
DA:193,11
DA:194,11
DA:195,11
DA:196,11
DA:198,11
DA:199,11
DA:200,11
DA:201,11
DA:203,19
DA:204,9
DA:205,19
DA:206,8
DA:207,19
DA:208,19
DA:209,19
DA:210,19
DA:211,19
DA:212,19
DA:213,19
DA:214,1
DA:215,1
DA:216,7
DA:217,19
DA:218,1
DA:219,1
DA:220,19
DA:222,6
DA:223,21
DA:224,21
DA:225,21
DA:226,21
DA:227,21
DA:228,21
DA:229,6
DA:231,10
DA:232,10
DA:233,10
DA:234,10
DA:236,10
DA:237,10
DA:238,90
DA:239,90
DA:240,90
DA:241,40
DA:242,40
DA:243,40
DA:244,90
DA:245,10
DA:246,10
DA:247,10
DA:249,6
DA:250,47
DA:251,47
DA:252,47
DA:253,47
DA:254,47
DA:255,47
DA:256,47
DA:257,47
LH:205
LF:205
end_of_record
